[    0.000000] Initializing cgroup subsys cpuset
[    0.000000] Initializing cgroup subsys cpu
[    0.000000] Initializing cgroup subsys cpuacct
[    0.000000] Linux version 4.4.0-170-generic (buildd@lcy01-amd64-019) (gcc version 5.4.0 20160609 (Ubuntu 5.4.0-6ubuntu1~16.04.12) ) #199-Ubuntu SMP Thu Nov 14 01:45:04 UTC 2019 (Ubuntu 4.4.0-170.199-generic 4.4.200)
[    0.000000] Command line: BOOT_IMAGE=/boot/vmlinuz-4.4.0-170-generic root=LABEL=cloudimg-rootfs ro console=tty1 console=ttyS0
[    0.000000] KERNEL supported cpus:
[    0.000000]   Intel GenuineIntel
[    0.000000]   AMD AuthenticAMD
[    0.000000]   Centaur CentaurHauls
[    0.000000] x86/fpu: Legacy x87 FPU detected.
[    0.000000] e820: BIOS-provided physical RAM map:
[    0.000000] BIOS-e820: [mem 0x0000000000000000-0x000000000009fbff] usable
[    0.000000] BIOS-e820: [mem 0x000000000009fc00-0x000000000009ffff] reserved
[    0.000000] BIOS-e820: [mem 0x00000000000f0000-0x00000000000fffff] reserved
[    0.000000] BIOS-e820: [mem 0x0000000000100000-0x000000003ffeffff] usable
[    0.000000] BIOS-e820: [mem 0x000000003fff0000-0x000000003fffffff] ACPI data
[    0.000000] BIOS-e820: [mem 0x00000000fec00000-0x00000000fec00fff] reserved
[    0.000000] BIOS-e820: [mem 0x00000000fee00000-0x00000000fee00fff] reserved
[    0.000000] BIOS-e820: [mem 0x00000000fffc0000-0x00000000ffffffff] reserved
[    0.000000] NX (Execute Disable) protection: active
[    0.000000] SMBIOS 2.5 present.
[    0.000000] Hypervisor detected: KVM
[    0.000000] Kernel/User page tables isolation: disabled
[    0.000000] e820: last_pfn = 0x3fff0 max_arch_pfn = 0x400000000
[    0.000000] MTRR: Disabled
[    0.000000] x86/PAT: MTRRs disabled, skipping PAT initialization too.
[    0.000000] CPU MTRRs all blank - virtualized system.
[    0.000000] x86/PAT: Configuration [0-7]: WB  WT  UC- UC  WB  WT  UC- UC  
[    0.000000] found SMP MP-table at [mem 0x0009fff0-0x0009ffff] mapped at [ffff88000009fff0]
[    0.000000] Scanning 1 areas for low memory corruption
[    0.000000] RAMDISK: [mem 0x362f8000-0x37173fff]
[    0.000000] ACPI: Early table checksum verification disabled
[    0.000000] ACPI: RSDP 0x00000000000E0000 000024 (v02 VBOX  )
[    0.000000] ACPI: XSDT 0x000000003FFF0030 00003C (v01 VBOX   VBOXXSDT 00000001 ASL  00000061)
[    0.000000] ACPI: FACP 0x000000003FFF00F0 0000F4 (v04 VBOX   VBOXFACP 00000001 ASL  00000061)
[    0.000000] ACPI: DSDT 0x000000003FFF0470 0021FF (v02 VBOX   VBOXBIOS 00000002 INTL 20180105)
[    0.000000] ACPI: FACS 0x000000003FFF0200 000040
[    0.000000] ACPI: FACS 0x000000003FFF0200 000040
[    0.000000] ACPI: APIC 0x000000003FFF0240 00005C (v02 VBOX   VBOXAPIC 00000001 ASL  00000061)
[    0.000000] ACPI: SSDT 0x000000003FFF02A0 0001CC (v01 VBOX   VBOXCPUT 00000002 INTL 20180105)
[    0.000000] No NUMA configuration found
[    0.000000] Faking a node at [mem 0x0000000000000000-0x000000003ffeffff]
[    0.000000] NODE_DATA(0) allocated [mem 0x3ffeb000-0x3ffeffff]
[    0.000000] kvm-clock: Using msrs 4b564d01 and 4b564d00
[    0.000000] kvm-clock: cpu 0, msr 0:3ffe3001, primary cpu clock
[    0.000000] kvm-clock: using sched offset of 3834720487 cycles
[    0.000000] clocksource: kvm-clock: mask: 0xffffffffffffffff max_cycles: 0x1cd42e4dffb, max_idle_ns: 881590591483 ns
[    0.000000] Zone ranges:
[    0.000000]   DMA      [mem 0x0000000000001000-0x0000000000ffffff]
[    0.000000]   DMA32    [mem 0x0000000001000000-0x000000003ffeffff]
[    0.000000]   Normal   empty
[    0.000000]   Device   empty
[    0.000000] Movable zone start for each node
[    0.000000] Early memory node ranges
[    0.000000]   node   0: [mem 0x0000000000001000-0x000000000009efff]
[    0.000000]   node   0: [mem 0x0000000000100000-0x000000003ffeffff]
[    0.000000] Initmem setup node 0 [mem 0x0000000000001000-0x000000003ffeffff]
[    0.000000] ACPI: PM-Timer IO Port: 0x4008
[    0.000000] IOAPIC[0]: apic_id 2, version 32, address 0xfec00000, GSI 0-23
[    0.000000] ACPI: INT_SRC_OVR (bus 0 bus_irq 0 global_irq 2 dfl dfl)
[    0.000000] ACPI: INT_SRC_OVR (bus 0 bus_irq 9 global_irq 9 low level)
[    0.000000] Using ACPI (MADT) for SMP configuration information
[    0.000000] smpboot: Allowing 2 CPUs, 0 hotplug CPUs
[    0.000000] PM: Registered nosave memory: [mem 0x00000000-0x00000fff]
[    0.000000] PM: Registered nosave memory: [mem 0x0009f000-0x0009ffff]
[    0.000000] PM: Registered nosave memory: [mem 0x000a0000-0x000effff]
[    0.000000] PM: Registered nosave memory: [mem 0x000f0000-0x000fffff]
[    0.000000] e820: [mem 0x40000000-0xfebfffff] available for PCI devices
[    0.000000] Booting paravirtualized kernel on KVM
[    0.000000] clocksource: refined-jiffies: mask: 0xffffffff max_cycles: 0xffffffff, max_idle_ns: 7645519600211568 ns
[    0.000000] setup_percpu: NR_CPUS:512 nr_cpumask_bits:512 nr_cpu_ids:2 nr_node_ids:1
[    0.000000] PERCPU: Embedded 33 pages/cpu @ffff88003fc00000 s95448 r8192 d31528 u1048576
[    0.000000] Built 1 zonelists in Node order, mobility grouping on.  Total pages: 257912
[    0.000000] Policy zone: DMA32
[    0.000000] Kernel command line: BOOT_IMAGE=/boot/vmlinuz-4.4.0-170-generic root=LABEL=cloudimg-rootfs ro console=tty1 console=ttyS0
[    0.000000] PID hash table entries: 4096 (order: 3, 32768 bytes)
[    0.000000] Memory: 997724K/1048120K available (8626K kernel code, 1336K rwdata, 4036K rodata, 1488K init, 1288K bss, 50396K reserved, 0K cma-reserved)
[    0.000000] SLUB: HWalign=64, Order=0-3, MinObjects=0, CPUs=2, Nodes=1
[    0.000000] Hierarchical RCU implementation.
[    0.000000] 	Build-time adjustment of leaf fanout to 64.
[    0.000000] 	RCU restricting CPUs from NR_CPUS=512 to nr_cpu_ids=2.
[    0.000000] RCU: Adjusting geometry for rcu_fanout_leaf=64, nr_cpu_ids=2
[    0.000000] NR_IRQS:33024 nr_irqs:440 16
[    0.000000] Console: colour VGA+ 80x25
[    0.000000] console [tty1] enabled
[    0.000000] console [ttyS0] enabled
[    0.000000] tsc: Detected 3648.724 MHz processor
[    0.000000] tsc: Marking TSC unstable due to TSCs unsynchronized
[    0.012000] Calibrating delay loop (skipped) preset value.. 7297.44 BogoMIPS (lpj=14594896)
[    0.016028] pid_max: default: 32768 minimum: 301
[    0.020032] ACPI: Core revision 20150930
[    0.028739] ACPI: 2 ACPI AML tables successfully acquired and loaded
[    0.033223] Security Framework initialized
[    0.036047] Yama: becoming mindful.
[    0.040193] AppArmor: AppArmor initialized
[    0.048236] Dentry cache hash table entries: 131072 (order: 8, 1048576 bytes)
[    0.056193] Inode-cache hash table entries: 65536 (order: 7, 524288 bytes)
[    0.060287] Mount-cache hash table entries: 2048 (order: 2, 16384 bytes)
[    0.064024] Mountpoint-cache hash table entries: 2048 (order: 2, 16384 bytes)
[    0.069037] Initializing cgroup subsys io
[    0.072025] Initializing cgroup subsys memory
[    0.076058] Initializing cgroup subsys devices
[    0.078989] Initializing cgroup subsys freezer
[    0.080054] Initializing cgroup subsys net_cls
[    0.084025] Initializing cgroup subsys perf_event
[    0.088032] Initializing cgroup subsys net_prio
[    0.092026] Initializing cgroup subsys hugetlb
[    0.096030] Initializing cgroup subsys pids
[    0.100454] mce: CPU supports 0 MCE banks
[    0.104167] Last level iTLB entries: 4KB 1024, 2MB 1024, 4MB 512
[    0.108015] Last level dTLB entries: 4KB 1536, 2MB 1536, 4MB 768, 1GB 0
[    0.112017] Spectre V1 : Mitigation: usercopy/swapgs barriers and __user pointer sanitization
[    0.116012] Spectre V2 : Spectre mitigation: LFENCE not serializing, switching to generic retpoline
[    0.120016] Spectre V2 : Mitigation: Full generic retpoline
[    0.124011] Spectre V2 : Spectre v2 / SpectreRSB mitigation: Filling RSB on context switch
[    0.128027] Speculative Store Bypass: Mitigation: Speculative Store Bypass disabled via prctl and seccomp
[    0.149224] Freeing SMP alternatives memory: 36K
[    0.188801] ftrace: allocating 32302 entries in 127 pages
[    0.220150] smpboot: APIC(0) Converting physical 0 to logical package 0
[    0.224017] smpboot: Max logical packages: 1
[    0.229063] x2apic enabled
[    0.232014] Switched APIC routing to physical x2apic.
[    0.240000] ..TIMER: vector=0x30 apic1=0 pin1=2 apic2=-1 pin2=-1
[    0.396752] APIC calibration not consistent with PM-Timer: 176ms instead of 100ms
[    0.400000] APIC delta adjusted to PM-Timer: 6372332 (11250641)
[    0.400302] smpboot: CPU0: AMD Ryzen 5 1600 Six-Core Processor (family: 0x17, model: 0x1, stepping: 0x1)
[    0.416126] Performance Events: Broken PMU hardware detected, using software events only.
[    0.424008] Failed to access perfctr msr (MSR c0010007 is 0)
[    0.712724] KVM setup paravirtual spinlock
[    0.718021] x86: Booting SMP configuration:
[    0.720009] .... node  #0, CPUs:      #1
[    0.012000] kvm-clock: cpu 1, msr 0:3ffe3041, secondary cpu clock
[    0.012000] mce: CPU supports 0 MCE banks
[    0.797992] x86: Booted up 1 node, 2 CPUs
[    0.800010] smpboot: Total of 2 processors activated (14594.89 BogoMIPS)
[    0.805042] devtmpfs: initialized
[    0.809635] evm: security.selinux
[    0.816004] evm: security.SMACK64
[    0.816004] evm: security.SMACK64EXEC
[    0.824006] evm: security.SMACK64TRANSMUTE
[    0.836006] evm: security.SMACK64MMAP
[    0.848008] evm: security.ima
[    0.852007] evm: security.capability
[    0.864656] clocksource: jiffies: mask: 0xffffffff max_cycles: 0xffffffff, max_idle_ns: 7645041785100000 ns
[    0.896088] futex hash table entries: 512 (order: 3, 32768 bytes)
[    0.900210] pinctrl core: initialized pinctrl subsystem
[    0.912105] RTC time: 23:11:47, date: 12/31/19
[    0.916444] NET: Registered protocol family 16
[    0.932005] cpuidle: using governor ladder
[    0.948019] cpuidle: using governor menu
[    0.952068] PCCT header not found.
[    0.957651] ACPI: bus type PCI registered
[    0.960007] acpiphp: ACPI Hot Plug PCI Controller Driver version: 0.5
[    0.964440] PCI: Using configuration type 1 for base access
[    0.968005] PCI: Using configuration type 1 for extended access
[    0.984313] ACPI: Added _OSI(Module Device)
[    0.984313] ACPI: Added _OSI(Processor Device)
[    0.996007] ACPI: Added _OSI(3.0 _SCP Extensions)
[    1.000007] ACPI: Added _OSI(Processor Aggregator Device)
[    1.004705] ACPI: Executed 1 blocks of module-level executable AML code
[    1.014631] ACPI: Interpreter enabled
[    1.024025] ACPI: (supports S0 S5)
[    1.036006] ACPI: Using IOAPIC for interrupt routing
[    1.044320] PCI: Using host bridge windows from ACPI; if necessary, use "pci=nocrs" and report a bug
[    1.061595] ACPI: PCI Root Bridge [PCI0] (domain 0000 [bus 00-ff])
[    1.068024] acpi PNP0A03:00: _OSC: OS supports [ExtendedConfig ASPM ClockPM Segments MSI]
[    1.080053] acpi PNP0A03:00: _OSC: OS now controls [PCIeHotplug PME AER PCIeCapability]
[    1.100439] PCI host bridge to bus 0000:00
[    1.116013] pci_bus 0000:00: root bus resource [io  0x0000-0x0cf7 window]
[    1.128027] pci_bus 0000:00: root bus resource [io  0x0d00-0xffff window]
[    1.148012] pci_bus 0000:00: root bus resource [mem 0x000a0000-0x000bffff window]
[    1.172016] pci_bus 0000:00: root bus resource [mem 0x40000000-0xfdffffff window]
[    1.188011] pci_bus 0000:00: root bus resource [bus 00-ff]
[    1.200491] pci 0000:00:01.1: legacy IDE quirk: reg 0x10: [io  0x01f0-0x01f7]
[    1.212009] pci 0000:00:01.1: legacy IDE quirk: reg 0x14: [io  0x03f6]
[    1.224011] pci 0000:00:01.1: legacy IDE quirk: reg 0x18: [io  0x0170-0x0177]
[    1.260012] pci 0000:00:01.1: legacy IDE quirk: reg 0x1c: [io  0x0376]
[    1.333613] pci 0000:00:07.0: quirk: [io  0x4000-0x403f] claimed by PIIX4 ACPI
[    1.348039] pci 0000:00:07.0: quirk: [io  0x4100-0x410f] claimed by PIIX4 SMB
[    1.381123] ACPI: PCI Interrupt Link [LNKA] (IRQs 5 9 10 *11)
[    1.392414] ACPI: PCI Interrupt Link [LNKB] (IRQs 5 9 *10 11)
[    1.412059] ACPI: PCI Interrupt Link [LNKC] (IRQs 5 *9 10 11)
[    1.421753] ACPI: PCI Interrupt Link [LNKD] (IRQs 5 9 10 *11)
[    1.456477] ACPI: Enabled 2 GPEs in block 00 to 07
[    1.504395] vgaarb: setting as boot device: PCI:0000:00:02.0
[    1.508000] vgaarb: device added: PCI:0000:00:02.0,decodes=io+mem,owns=io+mem,locks=none
[    1.576010] vgaarb: loaded
[    1.578429] vgaarb: bridge control possible 0000:00:02.0
[    1.585244] SCSI subsystem initialized
[    1.604378] ACPI: bus type USB registered
[    1.616185] usbcore: registered new interface driver usbfs
[    1.636058] usbcore: registered new interface driver hub
[    1.640002] usbcore: registered new device driver usb
[    1.648218] PCI: Using ACPI for IRQ routing
[    1.673221] NetLabel: Initializing
[    1.680016] NetLabel:  domain hash size = 128
[    1.692014] NetLabel:  protocols = UNLABELED CIPSOv4
[    1.700115] NetLabel:  unlabeled traffic allowed by default
[    1.720668] amd_nb: Cannot enumerate AMD northbridges
[    1.740307] clocksource: Switched to clocksource kvm-clock
[    1.770464] AppArmor: AppArmor Filesystem Enabled
[    1.792663] pnp: PnP ACPI init
[    1.802505] pnp: PnP ACPI: found 3 devices
[    1.868472] clocksource: acpi_pm: mask: 0xffffff max_cycles: 0xffffff, max_idle_ns: 2085701024 ns
[    1.912403] NET: Registered protocol family 2
[    1.942770] TCP established hash table entries: 8192 (order: 4, 65536 bytes)
[    1.970242] TCP bind hash table entries: 8192 (order: 5, 131072 bytes)
[    1.992982] TCP: Hash tables configured (established 8192 bind 8192)
[    2.106890] UDP hash table entries: 512 (order: 2, 16384 bytes)
[    2.165549] UDP-Lite hash table entries: 512 (order: 2, 16384 bytes)
[    2.172931] NET: Registered protocol family 1
[    2.226642] pci 0000:00:00.0: Limiting direct PCI/PCI transfers
[    2.369711] pci 0000:00:01.0: Activating ISA DMA hang workarounds
[    2.419636] Unpacking initramfs...
[    2.702802] Freeing initrd memory: 14832K
[    2.715350] clocksource: tsc: mask: 0xffffffffffffffff max_cycles: 0x34981f25c71, max_idle_ns: 440795308868 ns
[    2.725076] platform rtc_cmos: registered platform RTC device (no PNP device found)
[    2.731424] Scanning for low memory corruption every 60 seconds
[    2.742771] audit: initializing netlink subsys (disabled)
[    2.746965] audit: type=2000 audit(1577833911.856:1): initialized
[    2.762182] Initialise system trusted keyring
[    2.767773] HugeTLB registered 2 MB page size, pre-allocated 0 pages
[    2.781201] zbud: loaded
[    2.786510] VFS: Disk quotas dquot_6.6.0
[    2.790901] VFS: Dquot-cache hash table entries: 512 (order 0, 4096 bytes)
[    2.807001] squashfs: version 4.0 (2009/01/31) Phillip Lougher
[    2.816480] fuse init (API version 7.23)
[    2.830143] Key type big_key registered
[    2.835883] Allocating IMA MOK and blacklist keyrings.
[    2.848835] Key type asymmetric registered
[    2.852409] Asymmetric key parser 'x509' registered
[    2.860743] Block layer SCSI generic (bsg) driver version 0.4 loaded (major 249)
[    2.878221] io scheduler noop registered
[    2.883611] io scheduler deadline registered (default)
[    2.900265] io scheduler cfq registered
[    2.904151] pci_hotplug: PCI Hot Plug PCI Core version: 0.5
[    2.916261] pciehp: PCI Express Hot Plug Controller Driver version: 0.4
[    2.939086] ACPI: AC Adapter [AC] (on-line)
[    2.944188] input: Power Button as /devices/LNXSYSTM:00/LNXPWRBN:00/input/input0
[    2.954075] ACPI: Power Button [PWRF]
[    2.971020] input: Sleep Button as /devices/LNXSYSTM:00/LNXSLPBN:00/input/input1
[    2.997877] ACPI: Sleep Button [SLPF]
[    3.029078] GHES: HEST is not enabled!
[    3.056929] Serial: 8250/16550 driver, 32 ports, IRQ sharing enabled
[    3.102583] 00:02: ttyS0 at I/O 0x3f8 (irq = 4, base_baud = 115200) is a 16550A
[    3.150129] Linux agpgart interface v0.103
[    3.236066] loop: module loaded
[    3.242383] scsi host0: ata_piix
[    3.253475] scsi host1: ata_piix
[    3.262250] ata1: PATA max UDMA/33 cmd 0x1f0 ctl 0x3f6 bmdma 0xd000 irq 14
[    3.282823] ata2: PATA max UDMA/33 cmd 0x170 ctl 0x376 bmdma 0xd008 irq 15
[    3.292492] libphy: Fixed MDIO Bus: probed
[    3.301198] tun: Universal TUN/TAP device driver, 1.6
[    3.311596] tun: (C) 1999-2004 Max Krasnyansky <maxk@qualcomm.com>
[    3.337528] PPP generic driver version 2.4.2
[    3.360480] ehci_hcd: USB 2.0 'Enhanced' Host Controller (EHCI) Driver
[    3.373286] ehci-pci: EHCI PCI platform driver
[    3.381387] ehci-platform: EHCI generic platform driver
[    3.388134] ohci_hcd: USB 1.1 'Open' Host Controller (OHCI) Driver
[    3.399445] ohci-pci: OHCI PCI platform driver
[    3.411751] ohci-platform: OHCI generic platform driver
[    3.416235] uhci_hcd: USB Universal Host Controller Interface driver
[    3.423811] i8042: PNP: PS/2 Controller [PNP0303:PS2K,PNP0f03:PS2M] at 0x60,0x64 irq 1,12
[    3.466510] serio: i8042 KBD port at 0x60,0x64 irq 1
[    3.500877] serio: i8042 AUX port at 0x60,0x64 irq 12
[    3.529000] mousedev: PS/2 mouse device common for all mice
[    3.542447] input: AT Translated Set 2 keyboard as /devices/platform/i8042/serio0/input/input2
[    3.550418] rtc_cmos rtc_cmos: rtc core: registered rtc_cmos as rtc0
[    3.550948] rtc_cmos rtc_cmos: alarms up to one day, 114 bytes nvram
[    3.550957] i2c /dev entries driver
[    3.551025] device-mapper: uevent: version 1.0.3
[    3.551111] device-mapper: ioctl: 4.34.0-ioctl (2015-10-28) initialised: dm-devel@redhat.com
[    3.551168] ledtrig-cpu: registered to indicate activity on CPUs
[    3.551773] NET: Registered protocol family 10
[    3.552291] NET: Registered protocol family 17
[    3.552320] Key type dns_resolver registered
[    3.553226] registered taskstats version 1
[    3.553288] Loading compiled-in X.509 certificates
[    3.554807] Loaded X.509 cert 'Build time autogenerated kernel key: f0e56e97f406068ace47a9bf54316e9855aaaa43'
[    3.555001] zswap: loaded using pool lzo/zbud
[    3.579441] Key type trusted registered
[    3.626719] Key type encrypted registered
[    3.626727] AppArmor: AppArmor sha1 policy hashing enabled
[    3.626776] ima: No TPM chip found, activating TPM-bypass!
[    3.626783] ima: Allocated hash algorithm: sha1
[    3.626816] evm: HMAC attrs: 0x1
[    3.627529]   Magic number: 15:425:202
[    3.628812] rtc_cmos rtc_cmos: setting system clock to 2019-12-31 23:11:50 UTC (1577833910)
[    3.629069] BIOS EDD facility v0.16 2004-Jun-25, 0 devices found
[    3.629069] EDD information not available.
[    3.956092] Freeing unused kernel memory: 1488K
[    3.980920] Write protecting the kernel read-only data: 14336k
[    4.024843] Freeing unused kernel memory: 1604K
[    4.038918] Freeing unused kernel memory: 60K
Loading, please wait...
starting version 229
[    4.260065] random: systemd-udevd: uninitialized urandom read (16 bytes read, 3 bits of entropy available)
[    4.280303] random: systemd-udevd: uninitialized urandom read (16 bytes read, 3 bits of entropy available)
[    4.285540] random: udevadm: uninitialized urandom read (16 bytes read, 3 bits of entropy available)
[    4.285573] random: udevadm: uninitialized urandom read (16 bytes read, 3 bits of entropy available)
[    4.340765] random: systemd-udevd: uninitialized urandom read (16 bytes read, 3 bits of entropy available)
[    4.345818] random: udevadm: uninitialized urandom read (16 bytes read, 3 bits of entropy available)
[    4.346472] random: udevadm: uninitialized urandom read (16 bytes read, 3 bits of entropy available)
[    4.346865] random: udevadm: uninitialized urandom read (16 bytes read, 3 bits of entropy available)
[    4.347176] random: udevadm: uninitialized urandom read (16 bytes read, 3 bits of entropy available)
[    4.347523] random: udevadm: uninitialized urandom read (16 bytes read, 3 bits of entropy available)
[    4.605962] e1000: Intel(R) PRO/1000 Network Driver - version 7.3.21-k8-NAPI
[    4.614022] e1000: Copyright (c) 1999-2006 Intel Corporation.
[    4.622672] Fusion MPT base driver 3.04.20
[    4.627864] Copyright (c) 1999-2008 LSI Corporation
[    4.719368] Fusion MPT SPI Host driver 3.04.20
[    5.055622] input: ImExPS/2 Generic Explorer Mouse as /devices/platform/i8042/serio1/input/input4
[    5.279825] e1000 0000:00:03.0 eth0: (PCI:33MHz:32-bit) 02:bf:1c:77:ff:98
[    5.284599] e1000 0000:00:03.0 eth0: Intel(R) PRO/1000 Network Connection
[    5.294784] mptbase: ioc0: Initiating bringup
[    5.296034] e1000 0000:00:03.0 enp0s3: renamed from eth0
[    5.377450] ioc0: LSI53C1030 A0: Capabilities={Initiator}
[    5.549780] scsi host2: ioc0: LSI53C1030 A0, FwRev=00000000h, Ports=1, MaxQ=256, IRQ=20
[    5.694310] scsi 2:0:0:0: Direct-Access     VBOX     HARDDISK         1.0  PQ: 0 ANSI: 5
[    5.700808] scsi target2:0:0: Beginning Domain Validation
[    5.720638] scsi target2:0:0: Domain Validation skipping write tests
[    5.724783] scsi target2:0:0: Ending Domain Validation
[    5.728158] scsi target2:0:0: asynchronous
[    5.745489] scsi 2:0:1:0: Direct-Access     VBOX     HARDDISK         1.0  PQ: 0 ANSI: 5
[    5.751266] scsi target2:0:1: Beginning Domain Validation
[    5.758211] scsi target2:0:1: Domain Validation skipping write tests
[    5.762142] scsi target2:0:1: Ending Domain Validation
[    5.766717] scsi target2:0:1: asynchronous
[    5.786699] sd 2:0:0:0: Attached scsi generic sg0 type 0
[    5.790942] sd 2:0:0:0: [sda] 20971520 512-byte logical blocks: (10.7 GB/10.0 GiB)
[    5.791381] sd 2:0:1:0: Attached scsi generic sg1 type 0
[    5.791787] sd 2:0:1:0: [sdb] 20480 512-byte logical blocks: (10.5 MB/10.0 MiB)
[    5.792227] sd 2:0:1:0: [sdb] Write Protect is off
[    5.792432] sd 2:0:1:0: [sdb] Incomplete mode parameter data
[    5.792433] sd 2:0:1:0: [sdb] Assuming drive cache: write through
[    5.797308] sd 2:0:1:0: [sdb] Attached SCSI disk
[    5.907352] sd 2:0:0:0: [sda] Write Protect is off
[    5.911329] sd 2:0:0:0: [sda] Incomplete mode parameter data
[    5.915180] sd 2:0:0:0: [sda] Assuming drive cache: write through
[    5.923899]  sda: sda1
[    5.928705] sd 2:0:0:0: [sda] Attached SCSI disk
Begin: Loading essential drivers ... [    9.129680] md: linear personality registered for level -1
[    9.197625] md: multipath personality registered for level -4
[    9.256604] md: raid0 personality registered for level 0
[    9.320719] md: raid1 personality registered for level 1
[    9.456814] raid6: sse2x1   gen()  5364 MB/s
[    9.528663] raid6: sse2x1   xor()  6266 MB/s
[    9.600634] raid6: sse2x2   gen() 13109 MB/s
[    9.696183] raid6: sse2x2   xor()  8402 MB/s
[    9.764167] raid6: sse2x4   gen() 13267 MB/s
[    9.832135] raid6: sse2x4   xor()  7562 MB/s
[    9.835622] raid6: using algorithm sse2x4 gen() 13267 MB/s
[    9.847856] raid6: .... xor() 7562 MB/s, rmw enabled
[    9.856258] raid6: using ssse3x2 recovery algorithm
[    9.865930] xor: measuring software checksum speed
[    9.913328]    prefetch64-sse: 14271.000 MB/sec
[    9.964984]    generic_sse: 12266.000 MB/sec
[    9.970594] xor: using function: prefetch64-sse (14271.000 MB/sec)
[    9.983399] async_tx: api initialized (async)
[   10.066460] md: raid6 personality registered for level 6
[   10.073049] md: raid5 personality registered for level 5
[   10.088296] md: raid4 personality registered for level 4
[   10.177835] md: raid10 personality registered for level 10
done.
Begin: Running /scripts/init-premount ... done.
Begin: Mounting root file system ... Begin: Running /scripts/local-top ... done.
Begin: Running /scripts/local-premount ... [   10.459913] Btrfs loaded
Scanning for Btrfs filesystems
done.
Warning: fsck not present, so skipping root file system
[   10.864305] EXT4-fs (sda1): INFO: recovery required on readonly filesystem
[   10.879597] EXT4-fs (sda1): write access will be enabled during recovery
[   11.375431] random: nonblocking pool is initialized
[   11.409080] EXT4-fs (sda1): recovery complete
[   11.413855] EXT4-fs (sda1): mounted filesystem with ordered data mode. Opts: (null)
done.
Begin: Running /scripts/local-bottom ... done.
Begin: Running /scripts/init-bottom ... done.
[   12.053944] systemd[1]: systemd 229 running in system mode. (+PAM +AUDIT +SELINUX +IMA +APPARMOR +SMACK +SYSVINIT +UTMP +LIBCRYPTSETUP +GCRYPT +GNUTLS +ACL +XZ -LZ4 +SECCOMP +BLKID +ELFUTILS +KMOD -IDN)
[   12.082717] systemd[1]: Detected virtualization oracle.
[   12.089518] systemd[1]: Detected architecture x86-64.

Welcome to [1mUbuntu 16.04.6 LTS[0m!

[   12.121851] systemd[1]: Set hostname to <ubuntu-xenial>.
[   12.749227] systemd[1]: Listening on LVM2 metadata daemon socket.
[[0;32m  OK  [0m] Listening on LVM2 metadata daemon socket.
[   12.763500] systemd[1]: Listening on udev Control Socket.
[[0;32m  OK  [0m] Listening on udev Control Socket.
[   12.773923] systemd[1]: Started Forward Password Requests to Wall Directory Watch.
[[0;32m  OK  [0m] Started Forward Password Requests to Wall Directory Watch.
[   12.788650] systemd[1]: Started Trigger resolvconf update for networkd DNS.
[[0;32m  OK  [0m] Started Trigger resolvconf update for networkd DNS.
[   12.816742] systemd[1]: Listening on udev Kernel Socket.
[[0;32m  OK  [0m] Listening on udev Kernel Socket.
[   12.832447] systemd[1]: Listening on Journal Audit Socket.
[[0;32m  OK  [0m] Listening on Journal Audit Socket.
[   12.881018] systemd[1]: Set up automount Arbitrary Executable File Formats File System Automount Point.
[[0;32m  OK  [0m] Set up automount Arbitrary Executab...ats File System Automount Point.
[   12.909352] systemd[1]: Created slice System Slice.
[[0;32m  OK  [0m] Created slice System Slice.
[   12.934438] systemd[1]: Reached target Encrypted Volumes.
[[0;32m  OK  [0m] Reached target Encrypted Volumes.
[   12.980448] systemd[1]: Reached target System Time Synchronized.
[[0;32m  OK  [0m] Reached target System Time Synchronized.
[   12.994357] systemd[1]: Created slice User and Session Slice.
[[0;32m  OK  [0m] Created slice User and Session Slice.
[   13.016029] systemd[1]: Reached target Slices.
[[0;32m  OK  [0m] Reached target Slices.
[   13.064675] systemd[1]: Listening on Device-mapper event daemon FIFOs.
[[0;32m  OK  [0m] Listening on Device-mapper event daemon FIFOs.
[   13.141041] systemd[1]: Listening on Journal Socket (/dev/log).
[[0;32m  OK  [0m] Listening on Journal Socket (/dev/log).
[   13.165515] systemd[1]: Listening on /dev/initctl Compatibility Named Pipe.
[[0;32m  OK  [0m] Listening on /dev/initctl Compatibility Named Pipe.
[   13.181049] systemd[1]: Reached target Swap.
[[0;32m  OK  [0m] Reached target Swap.
[   13.205477] systemd[1]: Listening on Syslog Socket.
[[0;32m  OK  [0m] Listening on Syslog Socket.
[   13.213901] systemd[1]: Listening on Journal Socket.
[[0;32m  OK  [0m] Listening on Journal Socket.
[   13.250239] systemd[1]: Starting Remount Root and Kernel File Systems...
         Starting Remount Root and Kernel File Systems...
[   13.274499] systemd[1]: Mounting Debug File System...
         Mounting Debug File System...
[   13.304906] systemd[1]: Starting Set console keymap...
         Starting Set console keymap...
[   13.340845] systemd[1]: Starting Create list of required static device nodes for the current kernel...
[   13.364820] EXT4-fs (sda1): re-mounted. Opts: (null)
         Starting Create list of required st... nodes for the current kernel...
[   13.467768] systemd[1]: Starting Uncomplicated firewall...
         Starting Uncomplicated firewall...
[   13.518431] systemd[1]: Starting Monitoring of LVM2 mirrors, snapshots etc. using dmeventd or progress polling...
         Starting Monitoring of LVM2 mirrors... dmeventd or progress polling...
[   13.560485] systemd[1]: Mounting POSIX Message Queue File System...
         Mounting POSIX Message Queue File System...
[   13.626774] systemd[1]: Starting Journal Service...
         Starting Journal Service...
[   13.698429] systemd[1]: Starting Load Kernel Modules...
         Starting Load Kernel Modules...
[   13.720110] systemd[1]: Reached target User and Group Name Lookups.
[[0;32m  OK  [0m] Reached target User and Group Name Lookups.
[   13.758433] Loading iSCSI transport class v2.0-870.
[   13.774490] systemd[1]: Starting Nameserver information manager...
         Starting Nameserver information manager...
[   13.823489] iscsi: registered transport (tcp)
[   13.857404] systemd[1]: Mounting Huge Pages File System...
         Mounting Huge Pages File System...
[   13.891616] systemd[1]: Created slice system-serial\x2dgetty.slice.
[[0;32m  OK  [0m] Created slice system-serial\x2dgetty.slice.
[   13.917293] systemd[1]: Listening on LVM2 poll daemon socket.
[[0;32m  OK  [0m] Listening on LVM2 poll daemon socket.
[   13.976241] systemd[1]: Mounted Huge Pages File System.
[[0;32m  OK  [0m] Mounted Huge Pag[   13.994197] iscsi: registered transport (iser)
es File System.
[   14.014572] systemd[1]: Mounted POSIX Message Queue File System.
[[0;32m  OK  [0m] Mounted POSIX Message Queue File System.
[   14.040983] systemd[1]: Mounted Debug File System.
[[0;32m  OK  [0m] Mounted Debug File System.
[   14.057145] systemd[1]: Started Journal Service.
[[0;32m  OK  [0m] Started Journal Service.
[[0;32m  OK  [0m] Started Remount Root and Kernel File Systems.
[[0;32m  OK  [0m] Started Set console keymap.
[[0;32m  OK  [0m] Started Create list of required sta...ce nodes for the current kernel.
[[0;32m  OK  [0m] Started Uncomplicated firewall.
[[0;32m  OK  [0m] Started Load Kernel Modules.
[[0;32m  OK  [0m] Started Nameserver information manager.
[[0;32m  OK  [0m] Started LVM2 metadata daemon.
         Mounting FUSE Control File System...
         Starting Apply Kernel Variables...
         Starting Create Static Device Nodes in /dev...
         Starting Load/Save Random Seed...
         Starting udev Coldplug all Devices...
         Starting Flush Journal to Persistent Storage...
[[0;32m  OK  [0m] Mounted FUSE Control File System.
[[0;32m  OK  [0m] Started Apply Kernel Variables.
[[0;32m  OK  [0m] Started Create Static Device Nodes in /dev.
[[0;32m  OK  [0m] Started Load/Save Random Seed.
         Starting udev Kernel Device Manager...
[[0;32m  OK  [0m] Started Flush Journal to Persistent Storage.
[[0;32m  OK  [0m] Started udev Kernel Device Manager.
[[0;32m  OK  [0m] Started Monitoring of LVM2 mirrors,...ng dmeventd or progress polling.
[[0;32m  OK  [0m] Reached target Local File Systems (Pre).
[[0;32m  OK  [0m] Reached target Local File Systems.
         Starting Initial cloud-init job (pre-networking)...
         Starting Set console font and keymap...
         Starting LSB: AppArmor initialization...
         Starting Create Volatile Files and Directories...
         Starting Tell Plymouth To Write Out Runtime Data...
[[0;32m  OK  [0m] Started udev Coldplug all Devices.
[[0;32m  OK  [0m] Started Tell Plymouth To Write Out Runtime Data.
[[0;32m  OK  [0m] Started Create Volatile Files and Directories.
         Starting Update UTMP about System Boot/Shutdown...
[[0;32m  OK  [0m] Started Dispatch Password Requests to Console Directory Watch.
[[0;32m  OK  [0m] Started Update UTMP about System Boot/Shutdown.
[[0;32m  OK  [0m] Found device /dev/ttyS0.
[[0;32m  OK  [0m] Listening on Load/Save RF Kill Switch Status /dev/rfkill Watch.
[[0;32m  OK  [0m] Started LSB: AppArmor initialization.
[[0;32m  OK  [0m] Found device 82540EM Gigabit Ethern...r (PRO/1000 MT Desktop Adapter).
[   20.232011] cloud-init[451]: Cloud-init v. 19.3-41-gc4735dd3-0ubuntu1~16.04.1 running 'init-local' at Tue, 31 Dec 2019 23:12:05 +0000. Up 18.17 seconds.
[[0;32m  OK  [0m] Started Initial cloud-init job (pre-networking).
[[0;32m  OK  [0m] Reached target Network (Pre).
[[0;32m  OK  [0m] Started ifup for enp0s3.
         Starting Raise network interfaces...
[[0;32m  OK  [0m] Started Set console font and keymap.
[[0;32m  OK  [0m] Created slice system-getty.slice.
[[0;32m  OK  [0m] Started Raise network interfaces.
         Starting Initial cloud-init job (metadata service crawler)...
[[0;32m  OK  [0m] Reached target Network.
[   27.861856] cloud-init[963]: Cloud-init v. 19.3-41-gc4735dd3-0ubuntu1~16.04.1 running 'init' at Tue, 31 Dec 2019 23:12:12 +0000. Up 26.05 seconds.
[   27.918700] cloud-init[963]: ci-info: ++++++++++++++++++++++++++++++++++++++Net device info++++++++++++++++++++++++++++++++++++++
[   27.991746] cloud-init[963]: ci-info: +--------+------+----------------------------+---------------+--------+-------------------+
[   28.053521] cloud-init[963]: ci-info: | Device |  Up  |          Address           |      Mask     | Scope  |     Hw-Address    |
[   28.177572] cloud-init[963]: ci-info: +--------+------+----------------------------+---------------+--------+-------------------+
[   28.178275] cloud-init[963]: ci-info: | enp0s3 | True |         10.0.2.15          | 255.255.255.0 | global | 02:bf:1c:77:ff:98 |
[[0;32m  OK  [0m] Started Initial cloud-init job (metadata service crawler).
[   28.179221] cloud-init[963]: ci-info: | enp0s3 | True | fe80::bf:1cff:fe77:ff98/64 |       .       |  link  | 02:bf:1c:77:ff:98 |
[   28.645164] cloud-init[963]: ci-info: |   lo   | True |         127.0.0.1          |   255.0.0.0   |  host  |         .         |
[[   28.645798] [0;32m  OK  [0mcloud-init] [963]: Reached target Network is Online.ci-info: |   lo   | True |          ::1/128           |       .       |  host  |         .         |

[   28.647001] cloud-init[963]: ci-info: +--------+------+----------------------------+---------------+--------+-------------------+
         Starting iSCSI initiator daemon (iscsid)...
[[   28.875370] cloud-init[963]: ci-info: +++++++++++++++++++++++++++Route IPv4 info++++++++++++++++++++++++++++
[   28.922099] cloud-init[963]: ci-info: +-------+-------------+----------+---------------+-----------+-------+
[0;32m  OK  [0m] Reached target Cloud-config availability.
[[   28.923599] cloud-init[963]: ci-info: | Route | Destination | Gateway  |    Genmask    | Interface | Flags |
[   28.986195] cloud-init[963]: ci-info: +-------+-------------+----------+---------------+-----------+-------+
[0;32m  OK  [0m] Reached target System Initialization.
[   28.986917] cloud-init[963]: ci-info: |   0   |   0.0.0.0   | 10.0.2.2 |    0.0.0.0    |   enp0s3  |   UG  |
[   29.195725] cloud-init[963]: ci-info: |   1   |   10.0.2.0  | 0.0.0.0  | 255.255.255.0 |   enp0s3  |   U   |
[   29.197399] cloud-init[963]: ci-info: +-------+-------------+----------+---------------+-----------+-------+
         Starting LXD - unix socket.
[   29.197481] cloud-init[963]: ci-info: +++++++++++++++++++Route IPv6 info+++++++++++++++++++
[   29.382580] cloud-init[963]: ci-info: +-------+-------------+---------+-----------+-------+
[   29.388012] cloud-init[963]: ci-info: | Route | Destination | Gateway | Interface | Flags |
[   29.388052] cloud-init[963]: ci-info: +-------+-------------+---------+-----------+-------+
[[0;32m  OK  [0m] Listening on D-Bus System Message Bus Socket.
[[   29.388229] [0;32m  OK  [0mcloud-init] [963]: Started Daily Cleanup of Temporary Directories.ci-info: |   0   |  fe80::/64  |    ::   |   enp0s3  |   U   |

[   29.632334] cloud-init[963]: ci-info: |   4   |   ff00::/8  |    ::   |   enp0s3  |   U   |
[[   29.632903] [0;32m  OK  [0mcloud-init] [963]: Listening on UUID daemon activation socket.ci-info: +-------+-------------+---------+-----------+-------+

[[0;32m  OK  [0m] Started Daily apt download activities.
[[0;32m  OK  [0m] Started ACPI Events Check.
[[0;32m  OK  [0m] Reached target Paths.
[[0;32m  OK  [0m] Started Message of the Day.
         Starting Socket activation for snappy daemon.
[[0;32m  OK  [0m] Started Daily apt upgrade and clean activities.
[[0;32m  OK  [0m] Reached target Timers.
[[0;32m  OK  [0m] Listening on ACPID Listen Socket.
[[0;32m  OK  [0m] Listening on LXD - unix socket.
[[0;32m  OK  [0m] Listening on Socket activation for snappy daemon.
[[0;32m  OK  [0m] Reached target Sockets.
[[0;32m  OK  [0m] Reached target Basic System.
[[0;32m  OK  [0m] Started FUSE filesystem for LXC.
[[0;32m  OK  [0m] Started Deferred execution scheduler.
         Starting Snappy daemon...
         Starting LSB: MD monitoring daemon...
         Starting OpenBSD Secure Shell server...
[[0;32m  OK  [0m] Started ACPI event daemon.
[[0;32m  OK  [0m] Started D-Bus System Message Bus.
         Starting Login Service...
         Starting Accounts Service...
         Starting /etc/rc.local Compatibility...
[[0;32m  OK  [0m] Started Regular background program processing daemon.
         Starting System Logging Service...
         Starting Virtualbox guest utils...
         Starting Message of the Day...
         Starting LSB: Record successful boot for GRUB...
         Starting LXD - container startup/shutdown...
[[0;32m  OK  [0m] Started System Logging Service.
[[0;32m  OK  [0m] Started /etc/rc.local Compatibility.
[[0;32m  OK  [0m] Started iSCSI initiator daemon (iscsid).
[[0;32m  OK  [0m] Started Login Service.
[[0;32m  OK  [0m] Started Unattended Upgrades Shutdown.
         Starting Login to default iSCSI targets...
[[0;32m  OK  [0m] Started OpenBSD Secure Shell server.
         Starting Authenticate and Authorize Users to Run Privileged Tasks...
[[0;32m  OK  [0m] Started Login to default iSCSI targets.
[[0;32m  OK  [0m] Reached target Remote File Systems (Pre).
[[0;32m  OK  [0m] Reached target Remote File Systems.
         Starting LSB: daemon to balance interrupts for SMP systems...
         Starting LSB: Set the CPU Frequency Scaling governor to "ondemand"...
         Starting Permit User Sessions...
         Starting LSB: automatic crash report generation...
[[0;32m  OK  [0m] Started Authenticate and Authorize Users to Run Privileged Tasks.
[[0;32m  OK  [0m] Started Accounts Service.
[[0;32m  OK  [0m] Started LSB: Record successful boot for GRUB.
[[0;32m  OK  [0m] Started LSB: MD monitoring daemon.
[[0;32m  OK  [0m] Started Permit User Sessions.
         Starting Terminate Plymouth Boot Screen...
         Starting Hold until boot process finishes up...
[[0;32m  OK  [0m] Started LXD - container startup/shutdown.
[[0;32m  OK  [0m] Started Terminate Plymouth Boot Screen.
[[0;32m  OK  [0m] Started Snappy daemon.
         Starting Wait until snapd is fully seeded...
[[0;32m  OK  [0m] Started Hold until boot process finishes up.
[[0;32m  OK  [0m] Started Getty on tty1.
         Starting Set console scheme...
[[0;32m  OK  [0m] Started Serial Getty on ttyS0.
[[0;32m  OK  [0m] Reached target Login Prompts.
[[0;32m  OK  [0m] Started Set console scheme.
[[0;32m  OK  [0m] Created slice User Slice of vagrant.
         Starting User Manager for UID 1000...
[[0;32m  OK  [0m] Started Session 1 of user vagrant.
[[0;32m  OK  [0m] Started User Manager for UID 1000.
[[0;32m  OK  [0m] Started LSB: Set the CPU Frequency Scaling governor to "ondemand".
[[0;32m  OK  [0m] Started Virtualbox guest utils.
[[0;32m  OK  [0m] Started LSB: daemon to balance interrupts for SMP systems.
[[0;32m  OK  [0m] Started LSB: automatic crash report generation.
[[0;32m  OK  [0m] Started Wait until snapd is fully seeded.
         Starting Apply the settings specified in cloud-config...
[[0;32m  OK  [0m] Reached target Multi-User System.
[[0;32m  OK  [0m] Reached target Graphical Interface.
         Starting Update UTMP about System Runlevel Changes...
[[0;32m  OK  [0m] Started Update UTMP about System Runlevel Changes.
[   39.515664] cloud-init[1278]: Cloud-init v. 19.3-41-gc4735dd3-0ubuntu1~16.04.1 running 'modules:config' at Tue, 31 Dec 2019 23:12:25 +0000. Up 38.24 seconds.

Ubuntu 16.04.6 LTS ubuntu-xenial ttyS0

ubuntu-xenial login: [   41.864349] cloud-init[1356]: Cloud-init v. 19.3-41-gc4735dd3-0ubuntu1~16.04.1 running 'modules:final' at Tue, 31 Dec 2019 23:12:28 +0000. Up 41.25 seconds.
[   41.866314] cloud-init[1356]: Cloud-init v. 19.3-41-gc4735dd3-0ubuntu1~16.04.1 finished at Tue, 31 Dec 2019 23:12:28 +0000. Datasource DataSourceNoCloud [seed=/dev/sdb][dsmode=net].  Up 41.81 seconds
