[    0.000000] Initializing cgroup subsys cpuset
[    0.000000] Initializing cgroup subsys cpu
[    0.000000] Initializing cgroup subsys cpuacct
[    0.000000] Linux version 4.4.0-170-generic (buildd@lcy01-amd64-019) (gcc version 5.4.0 20160609 (Ubuntu 5.4.0-6ubuntu1~16.04.12) ) #199-Ubuntu SMP Thu Nov 14 01:45:04 UTC 2019 (Ubuntu 4.4.0-170.199-generic 4.4.200)
[    0.000000] Command line: BOOT_IMAGE=/boot/vmlinuz-4.4.0-170-generic root=LABEL=cloudimg-rootfs ro console=tty1 console=ttyS0
[    0.000000] KERNEL supported cpus:
[    0.000000]   Intel GenuineIntel
[    0.000000]   AMD AuthenticAMD
[    0.000000]   Centaur CentaurHauls
[    0.000000] x86/fpu: Legacy x87 FPU detected.
[    0.000000] e820: BIOS-provided physical RAM map:
[    0.000000] BIOS-e820: [mem 0x0000000000000000-0x000000000009fbff] usable
[    0.000000] BIOS-e820: [mem 0x000000000009fc00-0x000000000009ffff] reserved
[    0.000000] BIOS-e820: [mem 0x00000000000f0000-0x00000000000fffff] reserved
[    0.000000] BIOS-e820: [mem 0x0000000000100000-0x000000003ffeffff] usable
[    0.000000] BIOS-e820: [mem 0x000000003fff0000-0x000000003fffffff] ACPI data
[    0.000000] BIOS-e820: [mem 0x00000000fec00000-0x00000000fec00fff] reserved
[    0.000000] BIOS-e820: [mem 0x00000000fee00000-0x00000000fee00fff] reserved
[    0.000000] BIOS-e820: [mem 0x00000000fffc0000-0x00000000ffffffff] reserved
[    0.000000] NX (Execute Disable) protection: active
[    0.000000] SMBIOS 2.5 present.
[    0.000000] Hypervisor detected: KVM
[    0.000000] Kernel/User page tables isolation: disabled
[    0.000000] e820: last_pfn = 0x3fff0 max_arch_pfn = 0x400000000
[    0.000000] MTRR: Disabled
[    0.000000] x86/PAT: MTRRs disabled, skipping PAT initialization too.
[    0.000000] CPU MTRRs all blank - virtualized system.
[    0.000000] x86/PAT: Configuration [0-7]: WB  WT  UC- UC  WB  WT  UC- UC  
[    0.000000] found SMP MP-table at [mem 0x0009fff0-0x0009ffff] mapped at [ffff88000009fff0]
[    0.000000] Scanning 1 areas for low memory corruption
[    0.000000] RAMDISK: [mem 0x362f8000-0x37173fff]
[    0.000000] ACPI: Early table checksum verification disabled
[    0.000000] ACPI: RSDP 0x00000000000E0000 000024 (v02 VBOX  )
[    0.000000] ACPI: XSDT 0x000000003FFF0030 00003C (v01 VBOX   VBOXXSDT 00000001 ASL  00000061)
[    0.000000] ACPI: FACP 0x000000003FFF00F0 0000F4 (v04 VBOX   VBOXFACP 00000001 ASL  00000061)
[    0.000000] ACPI: DSDT 0x000000003FFF0470 0021FF (v02 VBOX   VBOXBIOS 00000002 INTL 20180105)
[    0.000000] ACPI: FACS 0x000000003FFF0200 000040
[    0.000000] ACPI: FACS 0x000000003FFF0200 000040
[    0.000000] ACPI: APIC 0x000000003FFF0240 00005C (v02 VBOX   VBOXAPIC 00000001 ASL  00000061)
[    0.000000] ACPI: SSDT 0x000000003FFF02A0 0001CC (v01 VBOX   VBOXCPUT 00000002 INTL 20180105)
[    0.000000] No NUMA configuration found
[    0.000000] Faking a node at [mem 0x0000000000000000-0x000000003ffeffff]
[    0.000000] NODE_DATA(0) allocated [mem 0x3ffeb000-0x3ffeffff]
[    0.000000] kvm-clock: Using msrs 4b564d01 and 4b564d00
[    0.000000] kvm-clock: cpu 0, msr 0:3ffe3001, primary cpu clock
[    0.000000] kvm-clock: using sched offset of 3880359743 cycles
[    0.000000] clocksource: kvm-clock: mask: 0xffffffffffffffff max_cycles: 0x1cd42e4dffb, max_idle_ns: 881590591483 ns
[    0.000000] Zone ranges:
[    0.000000]   DMA      [mem 0x0000000000001000-0x0000000000ffffff]
[    0.000000]   DMA32    [mem 0x0000000001000000-0x000000003ffeffff]
[    0.000000]   Normal   empty
[    0.000000]   Device   empty
[    0.000000] Movable zone start for each node
[    0.000000] Early memory node ranges
[    0.000000]   node   0: [mem 0x0000000000001000-0x000000000009efff]
[    0.000000]   node   0: [mem 0x0000000000100000-0x000000003ffeffff]
[    0.000000] Initmem setup node 0 [mem 0x0000000000001000-0x000000003ffeffff]
[    0.000000] ACPI: PM-Timer IO Port: 0x4008
[    0.000000] IOAPIC[0]: apic_id 2, version 32, address 0xfec00000, GSI 0-23
[    0.000000] ACPI: INT_SRC_OVR (bus 0 bus_irq 0 global_irq 2 dfl dfl)
[    0.000000] ACPI: INT_SRC_OVR (bus 0 bus_irq 9 global_irq 9 low level)
[    0.000000] Using ACPI (MADT) for SMP configuration information
[    0.000000] smpboot: Allowing 2 CPUs, 0 hotplug CPUs
[    0.000000] PM: Registered nosave memory: [mem 0x00000000-0x00000fff]
[    0.000000] PM: Registered nosave memory: [mem 0x0009f000-0x0009ffff]
[    0.000000] PM: Registered nosave memory: [mem 0x000a0000-0x000effff]
[    0.000000] PM: Registered nosave memory: [mem 0x000f0000-0x000fffff]
[    0.000000] e820: [mem 0x40000000-0xfebfffff] available for PCI devices
[    0.000000] Booting paravirtualized kernel on KVM
[    0.000000] clocksource: refined-jiffies: mask: 0xffffffff max_cycles: 0xffffffff, max_idle_ns: 7645519600211568 ns
[    0.000000] setup_percpu: NR_CPUS:512 nr_cpumask_bits:512 nr_cpu_ids:2 nr_node_ids:1
[    0.000000] PERCPU: Embedded 33 pages/cpu @ffff88003fc00000 s95448 r8192 d31528 u1048576
[    0.000000] Built 1 zonelists in Node order, mobility grouping on.  Total pages: 257912
[    0.000000] Policy zone: DMA32
[    0.000000] Kernel command line: BOOT_IMAGE=/boot/vmlinuz-4.4.0-170-generic root=LABEL=cloudimg-rootfs ro console=tty1 console=ttyS0
[    0.000000] PID hash table entries: 4096 (order: 3, 32768 bytes)
[    0.000000] Memory: 997724K/1048120K available (8626K kernel code, 1336K rwdata, 4036K rodata, 1488K init, 1288K bss, 50396K reserved, 0K cma-reserved)
[    0.000000] SLUB: HWalign=64, Order=0-3, MinObjects=0, CPUs=2, Nodes=1
[    0.000000] Hierarchical RCU implementation.
[    0.000000] 	Build-time adjustment of leaf fanout to 64.
[    0.000000] 	RCU restricting CPUs from NR_CPUS=512 to nr_cpu_ids=2.
[    0.000000] RCU: Adjusting geometry for rcu_fanout_leaf=64, nr_cpu_ids=2
[    0.000000] NR_IRQS:33024 nr_irqs:440 16
[    0.000000] Console: colour VGA+ 80x25
[    0.000000] console [tty1] enabled
[    0.000000] console [ttyS0] enabled
[    0.000000] tsc: Detected 3648.724 MHz processor
[    0.000000] tsc: Marking TSC unstable due to TSCs unsynchronized
[    0.012000] Calibrating delay loop (skipped) preset value.. 7297.44 BogoMIPS (lpj=14594896)
[    0.012022] pid_max: default: 32768 minimum: 301
[    0.016035] ACPI: Core revision 20150930
[    0.024064] ACPI: 2 ACPI AML tables successfully acquired and loaded
[    0.033280] Security Framework initialized
[    0.036028] Yama: becoming mindful.
[    0.040155] AppArmor: AppArmor initialized
[    0.044272] Dentry cache hash table entries: 131072 (order: 8, 1048576 bytes)
[    0.048479] Inode-cache hash table entries: 65536 (order: 7, 524288 bytes)
[    0.052363] Mount-cache hash table entries: 2048 (order: 2, 16384 bytes)
[    0.056000] Mountpoint-cache hash table entries: 2048 (order: 2, 16384 bytes)
[    0.057069] Initializing cgroup subsys io
[    0.060026] Initializing cgroup subsys memory
[    0.064058] Initializing cgroup subsys devices
[    0.068033] Initializing cgroup subsys freezer
[    0.072033] Initializing cgroup subsys net_cls
[    0.076032] Initializing cgroup subsys perf_event
[    0.080034] Initializing cgroup subsys net_prio
[    0.084025] Initializing cgroup subsys hugetlb
[    0.088021] Initializing cgroup subsys pids
[    0.092384] mce: CPU supports 0 MCE banks
[    0.095249] Last level iTLB entries: 4KB 1024, 2MB 1024, 4MB 512
[    0.096014] Last level dTLB entries: 4KB 1536, 2MB 1536, 4MB 768, 1GB 0
[    0.100016] Spectre V1 : Mitigation: usercopy/swapgs barriers and __user pointer sanitization
[    0.104014] Spectre V2 : Spectre mitigation: LFENCE not serializing, switching to generic retpoline
[    0.108017] Spectre V2 : Mitigation: Full generic retpoline
[    0.112012] Spectre V2 : Spectre v2 / SpectreRSB mitigation: Filling RSB on context switch
[    0.116032] Speculative Store Bypass: Mitigation: Speculative Store Bypass disabled via prctl and seccomp
[    0.133745] Freeing SMP alternatives memory: 36K
[    0.166616] ftrace: allocating 32302 entries in 127 pages
[    0.196154] smpboot: APIC(0) Converting physical 0 to logical package 0
[    0.200015] smpboot: Max logical packages: 1
[    0.205004] x2apic enabled
[    0.208015] Switched APIC routing to physical x2apic.
[    0.212000] ..TIMER: vector=0x30 apic1=0 pin1=2 apic2=-1 pin2=-1
[    0.372004] APIC calibration not consistent with PM-Timer: 200ms instead of 100ms
[    0.376000] APIC delta adjusted to PM-Timer: 6306247 (12626465)
[    0.376145] smpboot: CPU0: AMD Ryzen 5 1600 Six-Core Processor (family: 0x17, model: 0x1, stepping: 0x1)
[    0.389764] Performance Events: Broken PMU hardware detected, using software events only.
[    0.396008] Failed to access perfctr msr (MSR c0010007 is 0)
[    0.653888] KVM setup paravirtual spinlock
[    0.658114] x86: Booting SMP configuration:
[    0.660004] .... node  #0, CPUs:      #1
[    0.012000] kvm-clock: cpu 1, msr 0:3ffe3041, secondary cpu clock
[    0.012000] mce: CPU supports 0 MCE banks
[    0.670363] x86: Booted up 1 node, 2 CPUs
[    0.672006] smpboot: Total of 2 processors activated (14594.89 BogoMIPS)
[    0.676871] devtmpfs: initialized
[    0.680057] evm: security.selinux
[    0.692008] evm: security.SMACK64
[    0.696005] evm: security.SMACK64EXEC
[    0.704004] evm: security.SMACK64TRANSMUTE
[    0.708003] evm: security.SMACK64MMAP
[    0.712004] evm: security.ima
[    0.716004] evm: security.capability
[    0.720129] clocksource: jiffies: mask: 0xffffffff max_cycles: 0xffffffff, max_idle_ns: 7645041785100000 ns
[    0.732103] futex hash table entries: 512 (order: 3, 32768 bytes)
[    0.736364] pinctrl core: initialized pinctrl subsystem
[    0.740104] RTC time:  9:04:04, date: 12/31/19
[    0.748590] NET: Registered protocol family 16
[    0.760008] cpuidle: using governor ladder
[    0.776023] cpuidle: using governor menu
[    0.780115] PCCT header not found.
[    0.785412] ACPI: bus type PCI registered
[    0.788005] acpiphp: ACPI Hot Plug PCI Controller Driver version: 0.5
[    0.792222] PCI: Using configuration type 1 for base access
[    0.796004] PCI: Using configuration type 1 for extended access
[    0.812424] ACPI: Added _OSI(Module Device)
[    0.816026] ACPI: Added _OSI(Processor Device)
[    0.824010] ACPI: Added _OSI(3.0 _SCP Extensions)
[    0.832007] ACPI: Added _OSI(Processor Aggregator Device)
[    0.840759] ACPI: Executed 1 blocks of module-level executable AML code
[    0.851520] ACPI: Interpreter enabled
[    0.852022] ACPI: (supports S0 S5)
[    0.856005] ACPI: Using IOAPIC for interrupt routing
[    0.860249] PCI: Using host bridge windows from ACPI; if necessary, use "pci=nocrs" and report a bug
[    0.870838] ACPI: PCI Root Bridge [PCI0] (domain 0000 [bus 00-ff])
[    0.872016] acpi PNP0A03:00: _OSC: OS supports [ExtendedConfig ASPM ClockPM Segments MSI]
[    0.876055] acpi PNP0A03:00: _OSC: OS now controls [PCIeHotplug PME AER PCIeCapability]
[    0.880490] PCI host bridge to bus 0000:00
[    0.884010] pci_bus 0000:00: root bus resource [io  0x0000-0x0cf7 window]
[    0.888006] pci_bus 0000:00: root bus resource [io  0x0d00-0xffff window]
[    0.892010] pci_bus 0000:00: root bus resource [mem 0x000a0000-0x000bffff window]
[    0.896011] pci_bus 0000:00: root bus resource [mem 0x40000000-0xfdffffff window]
[    0.900011] pci_bus 0000:00: root bus resource [bus 00-ff]
[    0.911881] pci 0000:00:01.1: legacy IDE quirk: reg 0x10: [io  0x01f0-0x01f7]
[    0.912010] pci 0000:00:01.1: legacy IDE quirk: reg 0x14: [io  0x03f6]
[    0.916011] pci 0000:00:01.1: legacy IDE quirk: reg 0x18: [io  0x0170-0x0177]
[    0.924013] pci 0000:00:01.1: legacy IDE quirk: reg 0x1c: [io  0x0376]
[    0.976000] pci 0000:00:07.0: quirk: [io  0x4000-0x403f] claimed by PIIX4 ACPI
[    0.976029] pci 0000:00:07.0: quirk: [io  0x4100-0x410f] claimed by PIIX4 SMB
[    0.997694] ACPI: PCI Interrupt Link [LNKA] (IRQs 5 9 10 *11)
[    1.006622] ACPI: PCI Interrupt Link [LNKB] (IRQs 5 9 *10 11)
[    1.017803] ACPI: PCI Interrupt Link [LNKC] (IRQs 5 *9 10 11)
[    1.026519] ACPI: PCI Interrupt Link [LNKD] (IRQs 5 9 10 *11)
[    1.037695] ACPI: Enabled 2 GPEs in block 00 to 07
[    1.044066] vgaarb: setting as boot device: PCI:0000:00:02.0
[    1.048000] vgaarb: device added: PCI:0000:00:02.0,decodes=io+mem,owns=io+mem,locks=none
[    1.048010] vgaarb: loaded
[    1.050622] vgaarb: bridge control possible 0000:00:02.0
[    1.053278] SCSI subsystem initialized
[    1.060268] ACPI: bus type USB registered
[    1.063248] usbcore: registered new interface driver usbfs
[    1.064050] usbcore: registered new interface driver hub
[    1.068055] usbcore: registered new device driver usb
[    1.076204] PCI: Using ACPI for IRQ routing
[    1.080709] NetLabel: Initializing
[    1.083310] NetLabel:  domain hash size = 128
[    1.084017] NetLabel:  protocols = UNLABELED CIPSOv4
[    1.088077] NetLabel:  unlabeled traffic allowed by default
[    1.092598] amd_nb: Cannot enumerate AMD northbridges
[    1.096259] clocksource: Switched to clocksource kvm-clock
[    1.12226] ppmo: AppArmr Fiesystem Enabled
[    1.873436] pnp: PnP ACPI init
[   1.900991] pnp: PnP ACPI: found3 evices
[    2.9729] cocksource:aci_pm: mak: 0xffffff max_cycles: 0xffffff, max_idle_ns: 2085701024 ns
[   .360367] NET: Registered protocol family 2
[    3.205201] TCP established hash table etries: 8192 (order: 4, 65536 bytes)
[    3.304257] TCP bind hash table entries: 8192 (order: 5, 131072 bytes)
[   3.08137] TCP: as tables configured (established 8192 bind 8192)
[    3.30817]DP hash table entries: 512 (order: 2, 16384 bytes)
[   .115762] UDP-Lite hash table entries: 512 (orde: 2, 16384 bytes)
[   4.469925] NET: Registered protool family 1
[    4.766365] pci 00:00:00.0: Limiting direct PCI/PCI transfers
[    4.770161] pci 0000:00:01.0: Activating ISA DMA hang workounds
[    5.206985] Unpacking initramfs...
[    5.210020] Freing initrdemor: 4832K
[   5.210020] clocksource: tsc: mask: 0xffffffffffffffff max_cycles: 0x34981f25c71, max_idle_ns: 440795308868 ns
[    5.210020] platform rtc_cmos: registered platform RTC dvice noPNP device found)
[    6.335316] Scanning for low memory corruption every 60 seconds
[    6.354122] audit: initializing netlink subsys (disabled)
[    6.359412] audit: type=2000 audit(1577783052.559:1): initialized
[    6.384221] Initialise system trusted keyring
[    6.394570] HugeTLB registered 2 MB page size, pre-allocated 0 pages
[    6.407572] zbud: loaded
[    6.412754] VFS: Disk quotas dquot_6.6.0
[    6.416053] VFS: Dquot-cache hash table entries: 512 (order 0, 4096 bytes)
[    6.424712] squashfs: version 4.0 (2009/01/31) Phillip Lougher
[    6.429718] fuse init (API version 7.23)
[    6.437150] Key type big_key registered
[    6.443012] Allocating IMA MOK and blacklist keyrings.
[    6.461417] Key type asymmetric registered
[    6.465161] Asymmetric key parser 'x509' registered
[    6.472528] Block layer SCSI generic (bsg) driver version 0.4 loaded (major 249)
[    6.489718] io scheduler noop registered
[    6.493928] io scheduler deadline registered (default)
[    6.497839] io scheduler cfq registered
[    6.501525] pci_hotplug: PCI Hot Plug PCI Core version: 0.5
[    6.506289] pciehp: PCI Express Hot Plug Controller Driver version: 0.4
[    6.513460] ACPI: AC Adapter [AC] (on-line)
[    6.521460] input: Power Button as /devices/LNXSYSTM:00/LNXPWRBN:00/input/input0
[    6.527539] ACPI: Power Button [PWRF]
[    6.537863] input: Sleep Button as /devices/LNXSYSTM:00/LNXSLPBN:00/input/input1
[    6.547513] ACPI: Sleep Button [SLPF]
[    6.552694] GHES: HEST is not enabled!
[    6.556436] Serial: 8250/16550 driver, 32 ports, IRQ sharing enabled
[    6.593515] 00:02: ttyS0 at I/O 0x3f8 (irq = 4, base_baud = 115200) is a 16550A
[    6.614109] Linux agpgart interface v0.103
[    6.624611] loop: module loaded
[    6.637951] scsi host0: ata_piix
[    6.641449] scsi host1: ata_piix
[    6.655783]at1: PATA max UDMA/33 cmd 01f0 ctl x36 bmdma 0xd000 irq 14

[    7.188682] ata2: PATA max UDMA/33 cmd 0x170 ctl 0x376 bmdma 0xd008 irq 15
[    7.198269] libphy: Fixed MDIO Bus: robed
[    7.354335] tun: Universal TUN/TAP device driver, 1.6
[   7.358294 tun: (C) 1999-2004 Max Krasnns <ax@qualcomm.com>
[    8.192576] PPP generic driver version 2.4.2
[    8.204698] ehci_hcd: USB 2.0 'Enhanced' Host Controller (EHCI) Driver
[    8.208607] ehci-pci: EHCI PCI platform driver
[    8.212170] ehci-platform: EHCI generic platform driver
[    8.215549] ohci_hcd: USB 1.1 'Open' Host Controller (OHCI) Driver
[    8.232894] ohci-pci: OHCI PCI platform driver
[    8.236314] ohci-platform: OHCI generic platform driver
[    8.240484] uhci_hcd: USB Universal Host Controller Interface driver
[    8.249065] i8042: PNP: PS/2 Controller [PNP0303:PS2K,PNP0f03:PS2M] at 0x60,0x64 irq 1,12
[    8.257445] serio: i8042 KBD port at 0x60,0x64 irq 1
[    8.263477] serio: i8042 AUX port at 0x60,0x64 irq 12
[    8.271778] mousedev: PS/2 mouse device common for all mice
[    8.277383] input: AT Translated Set 2 keyboard as /devices/platform/i8042/serio0/input/input2
[    8.285782] rtc_cmos rtc_cmos: rtc core: registered rtc_cmos as rtc0
[    8.286052] rtc_cmos rtc_cmos: alarms up to one day, 114 bytes nvram
[    8.286068] i2c /dev entries driver
[    8.286147] device-mapper: uevent: version 1.0.3
[    8.286234] device-mapper: ioctl: 4.34.0-ioctl (2015-10-28) initialised: dm-devel@redhat.com
[    8.286287] ledtrig-cpu: registered to indicate activity on CPUs
[    8.286895] NET: Registered protocol family 10
[    8.287907] NET: Registered protocol family 17
[    8.287942] Key type dns_resolver registered
[    8.288049] registered taskstats version 1
[    8.288049] Loading compiled-in X.509 certificates
[    8.289133] Loaded X.509 cert 'Build time autogenerated kernel key: f0e56e97f406068ace47a9bf54316e9855aaaa43'
[    8.289199] zswap: loaded using pool lzo/zbud
[    8.310116] Key type trusted registered
[    8.354364] Key type encrypted registered
[    8.354386] AppArmor: AppArmor sha1 policy hashing enabled
[    8.354500] ima: No TPM chip found, activating TPM-bypass!
[    8.354506] ima: Allocated hash algorithm: sha1
[    8.354563] evm: HMAC attrs: 0x1
[    8.355104]   Magic number: 15:832:71
[    8.359615] rtc_cmos rtc_cmos: setting system clock to 2019-12-31 09:04:12 UTC (1577783052)
[    8.360101] BIOS EDD facility v0.16 2004-Jun-25, 0 devices found
[    8.360102] EDD information not available.
[    8.500126] Freeing unused kernel memory: 1488K
[    8.512345] Write protecting the kernel read-only data: 14336k
[    8.543914] Freeing unused kernel memory: 1604K
[    8.548423] Freeing unused kernel memory: 60K
Loading, please wait...
starting version 229
[    8.748088] random: systemd-udevd: uninitialized urandom read (16 bytes read, 3 bits of entropy available)
[    8.759979] random: systemd-udevd: uninitialized urandom read (16 bytes read, 3 bits of entropy available)
[    8.767506] random: udevadm: uninitialized urandom read (16 bytes read, 3 bits of entropy available)
[    8.767555] random: udevadm: uninitialized urandom read (16 bytes read, 3 bits of entropy available)
[    8.811246] random: systemd-udevd: uninitialized urandom read (16 bytes read, 3 bits of entropy available)
[    8.824197] random: systemd-udevd: uninitialized urandom read (16 bytes read, 3 bits of entropy available)
[    8.826149] random: udevadm: uninitialized urandom read (16 bytes read, 3 bits of entropy available)
[    8.826673] random: udevadm: uninitialized urandom read (16 bytes read, 3 bits of entropy available)
[    8.827177] random: udevadm: uninitialized urandom read (16 bytes read, 3 bits of entropy available)
[    8.827391] random: udevadm: uninitialized urandom read (16 bytes read, 3 bits of entropy available)
[    9.184183] e1000: Intel(R) PRO/1000 Network Driver - version 7.3.21-k8-NAPI
[    9.193630] Fusion MPT base driver 3.04.20
[    9.193631] Copyright (c) 1999-2008 LSI Corporation
[    9.263490] e1000: Copyright (c) 1999-2006 Intel Corporation.
[    9.444920] Fusion MPT SPI Host driver 3.04.20
[    9.571191] input: ImExPS/2 Generic Explorer Mouse as /devices/platform/i8042/serio1/input/input4
[   10.186340] e1000 0000:00:03.0 eth0: (PCI:33MHz:32-bit) 02:bf:1c:77:ff:98
[   10.193871] e1000 0000:00:03.0 eth0: Intel(R) PRO/1000 Network Connection
[   10.208465] mptbase: ioc0: Initiating bringup
[   10.208919] e1000 0000:00:03.0 enp0s3: renamed from eth0
[   10.327713] ioc0: LSI53C1030 A0: Capabilities={Initiator}
[   11.740453] scsi host2: ioc0: LSI53C1030 A0, FwRev=00000000h, Ports=1, MaxQ=256, IRQ=20
[   12.487184] scsi 2:0:0:0: Direct-Access     VBOX     HARDDISK         1.0  PQ: 0 ANSI: 5
[   12.493846] scsi target2:0:0: Beginning Domain Validation
[   12.501867] scsi target2:0:0: Domain Validation skipping write tests
[   12.522413] scsi target2:0:0: Ending Domain Validation
[   12.528648] scsi target2:0:0: asynchronous
[   12.536989] scsi 2:0:1:0: Direct-Access     VBOX     HARDDISK         1.0  PQ: 0 ANSI: 5
[   12.548816] scsi target2:0:1: Beginning Domain Validation
[   12.558474] scsi target2:0:1: Domain Validation skipping write tests
[   12.563813] scsi target2:0:1: Ending Domain Validation
[   12.568264] scsi target2:0:1: asynchronous
[   12.599789] sd 2:0:0:0: [sda] 20971520 512-byte logical blocks: (10.7 GB/10.0 GiB)
[   12.599890] sd 2:0:0:0: Attached scsi generic sg0 type 0
[   12.601875] sd 2:0:1:0: Attached scsi generic sg1 type 0
[   12.723428] sd 2:0:1:0: [sdb] 20480 512-byte logical blocks: (10.5 MB/10.0 MiB)
[   12.730449] sd 2:0:0:0: [sda] Write Protect is off
[   12.742659] sd 2:0:1:0: [sdb] Write Protect is off
[   12.742801] sd 2:0:0:0: [sda] Incomplete mode parameter data
[   12.742803] sd 2:0:0:0: [sda] Assuming drive cache: write through
[   12.762590]  sda: sda1
[   12.764100] sd 2:0:0:0: [sda] Attached SCSI disk
[   12.783073] sd 2:0:1:0: [sdb] Incomplete mode parameter data
[   12.801656] sd 2:0:1:0: [sdb] Assuming drive cache: write through
[   12.818616] sd 2:0:1:0: [sdb] Attached SCSI disk
Begin: Loading essential drivers ... [   15.696803] md: linear personality registered for level -1
[   15.730551] md: multipath personality registered for level -4
[   15.763229] md: raid0 personality registered for level 0
[   15.814561] md: raid1 personality registered for level 1
[   15.924824] raid6: sse2x1   gen()  5781 MB/s
[   15.996039] raid6: sse2x1   xor()  5949 MB/s
[   16.080024] raid6: sse2x2   gen() 13338 MB/s
[   16.184143] raid6: sse2x2   xor()  8078 MB/s
[   16.260558] raid6: sse2x4   gen() 12768 MB/s
[   16.336537] raid6: sse2x4   xor()  7344 MB/s
[   16.348626] raid6: using algorithm sse2x2 gen() 13338 MB/s
[   16.354897] raid6: .... xor() 8078 MB/s, rmw enabled
[   16.366951] raid6: using ssse3x2 recovery algorithm
[   16.375603] xor: measuring software checksum speed
[   16.420643]    prefetch64-sse: 11418.000 MB/sec
[   16.464094]    generic_sse: 11529.000 MB/sec
[   16.469538] xor: using function: generic_sse (11529.000 MB/sec)
[   16.477954] async_tx: api initialized (async)
[   16.545467] md: raid6 personality registered for level 6
[   16.551816] md: raid5 personality registered for level 5
[   16.559648] md: raid4 personality registered for level 4
[   16.655617] md: raid10 personality registered for level 10
done.
Begin: Running /scripts/init-premount ... done.
Begin: Mounting root file system ... Begin: Running /scripts/local-top ... done.
Begin: Running /scripts/local-premount ... [   16.875325] Btrfs loaded
Scanning for Btrfs filesystems
done.
Warning: fsck not present, so skipping root file system
[   17.162530] EXT4-fs (sda1): mounted filesystem with ordered data mode. Opts: (null)
done.
Begin: Running /scripts/local-bottom ... done.
Begin: Running /scripts/init-bottom ... done.
[   17.722555] systemd[1]: systemd 229 running in system mode. (+PAM +AUDIT +SELINUX +IMA +APPARMOR +SMACK +SYSVINIT +UTMP +LIBCRYPTSETUP +GCRYPT +GNUTLS +ACL +XZ -LZ4 +SECCOMP +BLKID +ELFUTILS +KMOD -IDN)
[   17.744024] systemd[1]: Detected virtualization oracle.
[   17.748055] systemd[1]: Detected architecture x86-64.

Welcome to [1mUbuntu 16.04.6 LTS[0m!

[   17.760886] systemd[1]: Set hostname to <ubuntu>.
[   17.777879] systemd[1]: Initializing machine ID from random generator.
[   17.786794] systemd[1]: Installed transient /etc/machine-id file.
[   18.184334] random: nonblocking pool is initialized
[   18.455998] systemd[1]: Set up automount Arbitrary Executable File Formats File System Automount Point.
[[0;32m  OK  [0m] Set up automount Arbitrary Executab...ats File System Automount Point.
[   18.497144] systemd[1]: Listening on Syslog Socket.
[[0;32m  OK  [0m] Listening on Syslog Socket.
[   18.517431] systemd[1]: Reached target Swap.
[[0;32m  OK  [0m] Reached target Swap.
[   18.530166] systemd[1]: Created slice System Slice.
[[0;32m  OK  [0m] Created slice System Slice.
[   18.552683] systemd[1]: Listening on Journal Socket (/dev/log).
[[0;32m  OK  [0m] Listening on Journal Socket (/dev/log).
[   18.577005] systemd[1]: Started Trigger resolvconf update for networkd DNS.
[[0;32m  OK  [0m] Started Trigger resolvconf update for networkd DNS.
[   18.598180] systemd[1]: Reached target Encrypted Volumes.
[[0;32m  OK  [0m] Reached target Encrypted Volumes.
[   18.624899] systemd[1]: Listening on udev Kernel Socket.
[[0;32m  OK  [0m] Listening on udev Kernel Socket.
[   18.645034] systemd[1]: Listening on /dev/initctl Compatibility Named Pipe.
[[0;32m  OK  [0m] Listening on /dev/initctl Compatibility Named Pipe.
[   18.688566] systemd[1]: Reached target System Time Synchronized.
[[0;32m  OK  [0m] Reached target System Time Synchronized.
[   18.732877] systemd[1]: Listening on Journal Socket.
[[0;32m  OK  [0m] Listening on Journal Socket.
[   18.774278] systemd[1]: Starting Nameserver information manager...
         Starting Nameserver information manager...
[   18.834052] systemd[1]: Starting Uncomplicated firewall...
         Starting Uncomplicated firewall...
[   18.902445] systemd[1]: Starting Load Kernel Modules...
         Starting Load Kernel Modules...
[   18.932637] systemd[1]: Mounting Huge Pages File System...
         Mounting Huge Pages File System...
[   18.966213] systemd[1]: Starting Remount Root and Kernel File Systems...
         Starting Remount Root and Kernel[   18.986349] Loading iSCSI transport class v2.0-870.
 File Systems...
[   19.013679] systemd[1]: Starting Create list of required static device nodes for the current kernel...
         Starting Create list of required st... nodes for the current kernel...
[   19.058273] systemd[1]: Listening on Device-mapper event daemon FIFOs.
[[0;32m  OK  [0m] Listening on Device-mapper event daemon FIFOs.
[   19.074521] systemd[1]: Listening on udev Control Socket.
[[0;32m  OK  [0m] Listening on [   19.087352] iscsi: registered transport (tcp)
udev Control Socket.
[   19.091343] systemd[1]: Listening on LVM2 metadata daemon socket.
[[0;32m  OK  [0m] Listening on LVM2 metadata daemon socket.
[   19.110274] EXT4-fs (sda1): re-mounted. Opts: (null)
[   19.128165] systemd[1]: Starting Monitoring of LVM2 mirrors, snapshots etc. using dmeventd or progress polling...
         Starting Monitoring of LVM2 mirrors... dmeventd or progress polling...
[   19.241482] systemd[1]: Mounting POSIX Message Queue File System...
         Mounting POSIX Message Queue File System...
[   19.271195] iscsi: registered transport (iser)
[   19.298491] systemd[1]: Mounting Debug File System...
         Mounting Debug File System...
[   19.325536] systemd[1]: Started Forward Password Requests to Wall Directory Watch.
[[0;32m  OK  [0m] Started Forward Password Requests to Wall Directory Watch.
[   19.351938] systemd[1]: Created slice User and Session Slice.
[[0;32m  OK  [0m] Created slice User and Session Slice.
[   19.367388] systemd[1]: Reached target Slices.
[[0;32m  OK  [0m] Reached target Slices.
[   19.380805] systemd[1]: Listening on LVM2 poll daemon socket.
[[0;32m  OK  [0m] Listening on LVM2 poll daemon socket.
[   19.395295] systemd[1]: Reached target User and Group Name Lookups.
[[0;32m  OK  [0m] Reached target User and Group Name Lookups.
[   19.436295] systemd[1]: Starting Set console keymap...
         Starting Set console keymap...
[   19.453999] systemd[1]: Created slice system-serial\x2dgetty.slice.
[[0;32m  OK  [0m] Created slice system-serial\x2dgetty.slice.
[   19.485519] systemd[1]: Listening on Journal Audit Socket.
[[0;32m  OK  [0m] Listening on Journal Audit Socket.
[   19.526217] systemd[1]: Starting Journal Service...
         Starting Journal Service...
[   19.568477] systemd[1]: Mounted Huge Pages File System.
[[0;32m  OK  [0m] Mounted Huge Pages File System.
[   19.604249] systemd[1]: Mounted POSIX Message Queue File System.
[[0;32m  OK  [0m] Mounted POSIX Message Queue File System.
[   19.627449] systemd[1]: Mounted Debug File System.
[[0;32m  OK  [0m] Mounted Debug File System.
[   19.648835] systemd[1]: Started Journal Service.
[[0;32m  OK  [0m] Started Journal Service.
[[0;32m  OK  [0m] Started Uncomplicated firewall.
[[0;32m  OK  [0m] Started Load Kernel Modules.
[[0;32m  OK  [0m] Started Remount Root and Kernel File Systems.
[[0;32m  OK  [0m] Started Create list of required sta...ce nodes for the current kernel.
[[0;32m  OK  [0m] Started Set console keymap.
[[0;32m  OK  [0m] Started Nameserver information manager.
[[0;32m  OK  [0m] Started LVM2 metadata daemon.
         Starting Create Static Device Nodes in /dev...
         Starting udev Coldplug all Devices...
         Starting Load/Save Random Seed...
         Starting Apply Kernel Variables...
         Mounting FUSE Control File System...
         Starting Flush Journal to Persistent Storage...
[[0;32m  OK  [0m] Started Load/Save Random Seed.
[[0;32m  OK  [0m] Started Create Static Device Nodes in /dev.
         Starting udev Kernel Device Manager...
[[0;32m  OK  [0m] Mounted FUSE Control File System.
[[0;32m  OK  [0m] Started Apply Kernel Variables.
[[0;32m  OK  [0m] Started Flush Journal to Persistent Storage.
[[0;32m  OK  [0m] Started udev Kernel Device Manager.
[[0;32m  OK  [0m] Started udev Coldplug all Devices.
[[0;32m  OK  [0m] Started Dispatch Password Requests to Console Directory Watch.
[[0;32m  OK  [0m] Started Monitoring of LVM2 mirrors,...ng dmeventd or progress polling.
[[0;32m  OK  [0m] Reached target Local File Systems (Pre).
[[0;32m  OK  [0m] Reached target Local File Systems.
         Starting Set console font and keymap...
         Starting Initial cloud-init job (pre-networking)...
         Starting Commit a transient machine-id on disk...
         Starting Create Volatile Files and Directories...
         Starting LSB: AppArmor initialization...
         Starting Tell Plymouth To Write Out Runtime Data...
[[0;32m  OK  [0m] Started Commit a transient machine-id on disk.
[[0;32m  OK  [0m] Started Tell Plymouth To Write Out Runtime Data.
[[0;32m  OK  [0m] Started Create Volatile Files and Directories.
         Starting Update UTMP about System Boot/Shutdown...
[[0;32m  OK  [0m] Started Update UTMP about System Boot/Shutdown.
[[0;32m  OK  [0m] Found device /dev/ttyS0.
[[0;32m  OK  [0m] Listening on Load/Save RF Kill Switch Status /dev/rfkill Watch.
[[0;32m  OK  [0m] Started LSB: AppArmor initialization.
[   26.300264] cloud-init[469]: Cloud-init v. 19.3-41-gc4735dd3-0ubuntu1~16.04.1 running 'init-local' at Tue, 31 Dec 2019 09:04:27 +0000. Up 23.73 seconds.
[[0;32m  OK  [0m] Started Initial cloud-init job (pre-networking).
[[0;32m  OK  [0m] Reached target Network (Pre).
         Starting Raise network interfaces...
[[0;32m  OK  [0m] Started Set console font and keymap.
[[0;32m  OK  [0m] Created slice system-getty.slice.
[[0;32m  OK  [0m] Started Raise network interfaces.
[[0;32m  OK  [0m] Reached target Network.
         Starting Initial cloud-init job (metadata service crawler)...
[   36.096063] cloud-init[948]: Cloud-init v. 19.3-41-gc4735dd3-0ubuntu1~16.04.1 running 'init' at Tue, 31 Dec 2019 09:04:36 +0000. Up 32.83 seconds.
[   36.125129] cloud-init[948]: ci-info: ++++++++++++++++++++++++++++++++++++++Net device info++++++++++++++++++++++++++++++++++++++
[   36.142404] cloud-init[948]: ci-info: +--------+------+----------------------------+---------------+--------+-------------------+
[   36.163434] cloud-init[948]: ci-info: | Device |  Up  |          Address           |      Mask     | Scope  |     Hw-Address    |
[   36.203233] cloud-init[948]: ci-info: +--------+------+----------------------------+---------------+--------+-------------------+
[   36.223349] cloud-init[948]: ci-info: | enp0s3 | True |         10.0.2.15          | 255.255.255.0 | global | 02:bf:1c:77:ff:98 |
[   36.261514] cloud-init[948]: ci-info: | enp0s3 | True | fe80::bf:1cff:fe77:ff98/64 |       .       |  link  | 02:bf:1c:77:ff:98 |
[   36.285113] cloud-init[948]: ci-info: |   lo   | True |         127.0.0.1          |   255.0.0.0   |  host  |         .         |
[   36.307097] cloud-init[948]: ci-info: |   lo   | True |          ::1/128           |       .       |  host  |         .         |
[   36.357765] cloud-init[948]: ci-info: +--------+------+----------------------------+---------------+--------+-------------------+
[   36.417215] cloud-init[948]: ci-info: +++++++++++++++++++++++++++Route IPv4 info++++++++++++++++++++++++++++
[   36.419341] cloud-init[948]: ci-info: +-------+-------------+----------+---------------+-----------+-------+
[[0;32m  OK  [0m] Started Initial cloud-init job (metadata service crawler).
[   36.420598] cloud-init[948]: ci-info: | Route | Destination | Gateway  |    Genmask    | Interface | Flags |
[   36.661198] cloud-init[948]: ci-info: +-------+-------------+----------+---------------+-----------+-------+
[   36.661791] cloud-init[948]: ci-info: |   0   |   0.0.0.0   | 10.0.2.2 |    0.0.0.0    |   enp0s3  |   UG  |
[   36.662333] cloud-init[948]: ci-info: |   1   |   10.0.2.0  | 0.0.0.0  | 255.255.255.0 |   enp0s3  |   U   |
[[0;32m  OK  [0m] Reached target System Initialization.
[[0;32m  OK  [0m] Listening on ACPID Listen Socket.
[   36.662367] cloud-init[948]: ci-info: +-------+-------------+----------+---------------+-----------+-------+
         Starting Socket activation for snappy daemon.
[[0;32m  OK  [0m] Started Daily Cleanup of Temporary Directories.
[   37.026576] cloud-init[948]: ci-info: +++++++++++++++++++Route IPv6 info+++++++++++++++++++
[   37.212289] [cloud-init[0;32m  OK  [0m[948]: ] ci-info: +-------+-------------+---------+-----------+-------+Listening on D-Bus System Message Bus Socket.

[   37.340870] [cloud-init[0;32m  OK  [0m[948]: ] ci-info: | Route | Destination | Gateway | Interface | Flags |Started Daily apt download activities.

[   37.398553] [cloud-init[0;32m  OK  [0m[948]: ] ci-info: +-------+-------------+---------+-----------+-------+Started Daily apt upgrade and clean activities.

[   37.488847] cloud-init[948]: ci-info: |   0   |  fe80::/64  |    ::   |   enp0s3  |   U   |
[   37.490039] cloud-init[948]: ci-info: |   4   |   ff00::/8  |    ::   |   enp0s3  |   U   |
         Starting LXD - unix socket.[   37.490466] 
cloud-init[948]: ci-info: +-------+-------------+---------+-----------+-------+
[   37.490739] cloud-init[948]: Generating public/private rsa key pair.
[   37.758659] cloud-init[948]: Your identification has been saved in /etc/ssh/ssh_host_rsa_key.
[   37.759219] cloud-init[948]: Your public key has been saved in /etc/ssh/ssh_host_rsa_key.pub.
[[0;32m  OK  [0m] [   37.759692] Started ACPI Events Check.cloud-init
[948]: The key fingerprint is:
[[   37.759729] cloud-init[948]: SHA256:yBejKyRMIlYOdsOnzuZ5obIIZghyMru6kxQtTffc03g root@ubuntu-xenial
[   37.977890] cloud-init[948]: The key's randomart image is:
[0;32m  OK  [0m] Reached target Paths.
[[   37.978278] cloud-init[948]: +---[RSA 2048]----+
[   38.093017] cloud-init[948]: | o.+             |
[   38.093323] cloud-init[948]: |. =o.o           |
[   38.093358] cloud-init[948]: |o.=.+ o + o      |
[   38.093386] cloud-init[948]: |o* + . = * E     |
[   38.093414] cloud-init[948]: |= O . + S o      |
[   38.093505] cloud-init[948]: |+* * . o         |
[   38.093538] cloud-init[948]: |=+o + o          |
[   38.093606] cloud-init[948]: |Bo + o           |
[   38.093670] cloud-init[948]: |*+o .            |
[   38.093795] cloud-init[948]: +----[SHA256]-----+
[   38.093827] cloud-init[948]: Generating public/private dsa key pair.
[   38.093878] cloud-init[948]: Your identification has been saved in /etc/ssh/ssh_host_dsa_key.
[   38.093908] cloud-init[948]: Your public key has been saved in /etc/ssh/ssh_host_dsa_key.pub.
[   38.093973] cloud-init[948]: The key fingerprint is:
[   38.094004] cloud-init[948]: SHA256:qSfDbfxUkRkEYfz9aWFkrgz71nmBtT/JlOjYOw2Iih4 root@ubuntu-xenial
[   38.094079] cloud-init[948]: The key's randomart image is:
[   38.094235] cloud-init[948]: +---[DSA 1024]----+
[   38.094273] cloud-init[948]: |         .++o    |
[   38.094378] cloud-init[948]: |         ..  + o |
[   38.094411] cloud-init[948]: |           .+.+  |
[   38.094438] cloud-init[948]: |         . ....= |
[   38.094490] cloud-init[948]: |        S . * *.=|
[   38.094520] cloud-init[948]: |     . + . + * B.|
[   38.094579] cloud-init[948]: |     E* * . = B =|
[   38.094610] cloud-init[948]: |     ..* o . * Bo|
[   38.094694] cloud-init[948]: |    ..    . ..o o|
[   38.094750] cloud-init[948]: +----[SHA256]-----+
[   38.094802] cloud-init[948]: Generating public/private ecdsa key pair.
[   38.094833] cloud-init[948]: Your identification has been saved in /etc/ssh/ssh_host_ecdsa_key.
[   38.094885] cloud-init[948]: Your public key has been saved in /etc/ssh/ssh_host_ecdsa_key.pub.
[   38.094915] cloud-init[948]: The key fingerprint is:
[0;32m  OK  [0m] Listening on UUID daemon activation socket.
[[   38.094967] cloud-init[948]: SHA256:4OHNe9s9G4MR4Y+hR3KwaMtJCUqBv4Z1eKrd5E24KMA root@ubuntu-xenial
[0;32m  OK  [0m[   39.321201] ] cloud-initStarted Message of the Day.[948]: 
The key's randomart image is:
[[   39.321825] cloud-init[948]: +---[ECDSA 256]---+
[   39.423731] cloud-init[948]: |   .o..   . .    |
[   39.424293] cloud-init[948]: |  .. . . o + .   |
[   39.427695] cloud-init[948]: |   ...o = o *    |
[   39.427798] cloud-init[948]: |    +ooO o = =   |
[   39.427849] cloud-init[948]: |.  o =o.S . + .  |
[   39.427899] cloud-init[948]: |.E. + o .. . o   |
[   39.427947] cloud-init[948]: | . + = +. . . o  |
[   39.427996] cloud-init[948]: |  o o + .. o ..o |
[   39.428045] cloud-init[948]: |   .      . . oo |
[   39.428094] cloud-init[948]: +----[SHA256]-----+
[   39.428140] cloud-init[948]: Generating public/private ed25519 key pair.
[   39.428187] cloud-init[948]: Your identification has been saved in /etc/ssh/ssh_host_ed25519_key.
[   39.428235] cloud-init[948]: Your public key has been saved in /etc/ssh/ssh_host_ed25519_key.pub.
[   39.428283] cloud-init[948]: The key fingerprint is:
[   39.428571] cloud-init[948]: SHA256:Czl6siww9kKxVsuWHILjPlhnTBIr61OlXk3FizkBU18 root@ubuntu-xenial
[   39.428630] cloud-init[948]: The key's randomart image is:
[   39.428678] cloud-init[948]: +--[ED25519 256]--+
[   39.428726] cloud-init[948]: |     oo..  E     |
[   39.428775] cloud-init[948]: |  .   ...o.      |
[   39.428823] cloud-init[948]: |.  o    =..      |
[   39.428870] cloud-init[948]: |+ooo.. * .       |
[   39.428917] cloud-init[948]: |.+B+* * S        |
[   39.428963] cloud-init[948]: |+*.O+o + .       |
[   39.429010] cloud-init[948]: |B+=o+ . .        |
[   39.429056] cloud-init[948]: |.*.+ +           |
[   39.430509] cloud-init[948]: |  +.o            |
[   39.430552] cloud-init[948]: +----[SHA256]-----+
[0;32m  OK  [0m] Reached target Timers.
[[0;32m  OK  [0m] Reached target Network is Online.
         Starting iSCSI initiator daemon (iscsid)...
[[0;32m  OK  [0m] Reached target Cloud-config availability.
[[0;32m  OK  [0m] Listening on Socket activation for snappy daemon.
[[0;32m  OK  [0m] Listening on LXD - unix socket.
[[0;32m  OK  [0m] Reached target Sockets.
[[0;32m  OK  [0m] Reached target Basic System.
[[0;32m  OK  [0m] Started D-Bus System Message Bus.
         Starting System Logging Service...
         Starting Login Service...
         Starting Accounts Service...
[[0;32m  OK  [0m] Started Deferred execution scheduler.
         Starting LSB: Record successful boot for GRUB...
         Starting LSB: MD monitoring daemon...
         Starting Virtualbox guest utils...
[[0;32m  OK  [0m] Started ACPI event daemon.
         Starting /etc/rc.local Compatibility...
[[0;32m  OK  [0m] Started FUSE filesystem for LXC.
         Starting LXD - container startup/shutdown...
         Starting Pollinate to seed the pseudo random number generator...
[[0;32m  OK  [0m] Started Regular background program processing daemon.
         Starting Snappy daemon...
[[0;32m  OK  [0m] Started System Logging Service.
[[0;32m  OK  [0m] Started iSCSI initiator daemon (iscsid).
[[0;32m  OK  [0m] Started /etc/rc.local Compatibility.
[[0;32m  OK  [0m] Started Login Service.
[[0;32m  OK  [0m] Started Unattended Upgrades Shutdown.
         Starting Authenticate and Authorize Users to Run Privileged Tasks...
         Starting Login to default iSCSI targets...
[[0;32m  OK  [0m] Started LXD - container startup/shutdown.
[[0;32m  OK  [0m] Started LSB: Record successful boot for GRUB.
[[0;32m  OK  [0m] Started Login to default iSCSI targets.
[[0;32m  OK  [0m] Reached target Remote File Systems (Pre).
[[0;32m  OK  [0m] Reached target Remote File Systems.
         Starting LSB: automatic crash report generation...
         Starting LSB: Set the CPU Frequency Scaling governor to "ondemand"...
         Starting Permit User Sessions...
         Starting LSB: daemon to balance interrupts for SMP systems...
[[0;32m  OK  [0m] Started LSB: MD monitoring daemon.
[[0;32m  OK  [0m] Started Permit User Sessions.
[[0;32m  OK  [0m] Started Authenticate and Authorize Users to Run Privileged Tasks.
[[0;32m  OK  [0m] Started Accounts Service.
         Starting Hold until boot process finishes up...
         Starting Terminate Plymouth Boot Screen...
[[0;32m  OK  [0m] Started Terminate Plymouth Boot Screen.
[[0;32m  OK  [0m] Started Hold until boot process finishes up.
         Starting Set console scheme...
[[0;32m  OK  [0m] Started Serial Getty on ttyS0.
[[0;32m  OK  [0m] Started Getty on tty1.
[[0;32m  OK  [0m] Reached target Login Prompts.
[[0;32m  OK  [0m] Started Set console scheme.
[[0;32m  OK  [0m] Started LSB: Set the CPU Frequency Scaling governor to "ondemand".
[[0;32m  OK  [0m] Started Virtualbox guest utils.
[[0;32m  OK  [0m] Started LSB: daemon to balance interrupts for SMP systems.
[[0;32m  OK  [0m] Started LSB: automatic crash report generation.
[[0;32m  OK  [0m] Started Snappy daemon.
         Starting Wait until snapd is fully seeded...
[[0;32m  OK  [0m] Started Pollinate to seed the pseudo random number generator.
         Starting OpenBSD Secure Shell server...
[[0;32m  OK  [0m] Started OpenBSD Secure Shell server.
[[0;32m  OK  [0m] Created slice User Slice of vagrant.
         Starting User Manager for UID 1000...
[[0;32m  OK  [0m] Started Session 1 of user vagrant.
[[0;32m  OK  [0m] Started User Manager for UID 1000.
[[0;32m  OK  [0m] Started Wait until snapd is fully seeded.
         Starting Apply the settings specified in cloud-config...
[[0;32m  OK  [0m] Reached target Multi-User System.
[[0;32m  OK  [0m] Reached target Graphical Interface.
         Starting Update UTMP about System Runlevel Changes...

Ubuntu 16.04.6 LTS ubuntu-xenial ttyS0

ubuntu-xenial login: [   51.533170] cloud-init[1372]: Generating locales (this might take a while)...
[   55.920334] cloud-init[1372]:   en_US.UTF-8... done
[   55.929379] cloud-init[1372]: Generation complete.
[   57.882456] cloud-init[1372]: Cloud-init v. 19.3-41-gc4735dd3-0ubuntu1~16.04.1 running 'modules:config' at Tue, 31 Dec 2019 09:04:54 +0000. Up 50.75 seconds.
ci-info: no authorized ssh keys fingerprints found for user ubuntu.
<14>Dec 31 09:05:04 ec2: 
<14>Dec 31 09:05:04 ec2: #############################################################
<14>Dec 31 09:05:04 ec2: -----BEGIN SSH HOST KEY FINGERPRINTS-----
<14>Dec 31 09:05:04 ec2: 1024 SHA256:qSfDbfxUkRkEYfz9aWFkrgz71nmBtT/JlOjYOw2Iih4 root@ubuntu-xenial (DSA)
<14>Dec 31 09:05:04 ec2: 256 SHA256:4OHNe9s9G4MR4Y+hR3KwaMtJCUqBv4Z1eKrd5E24KMA root@ubuntu-xenial (ECDSA)
<14>Dec 31 09:05:04 ec2: 256 SHA256:Czl6siww9kKxVsuWHILjPlhnTBIr61OlXk3FizkBU18 root@ubuntu-xenial (ED25519)
<14>Dec 31 09:05:04 ec2: 2048 SHA256:yBejKyRMIlYOdsOnzuZ5obIIZghyMru6kxQtTffc03g root@ubuntu-xenial (RSA)
<14>Dec 31 09:05:04 ec2: -----END SSH HOST KEY FINGERPRINTS-----
<14>Dec 31 09:05:04 ec2: #############################################################
-----BEGIN SSH HOST KEY KEYS-----
ecdsa-sha2-nistp256 AAAAE2VjZHNhLXNoYTItbmlzdHAyNTYAAAAIbmlzdHAyNTYAAABBBO0dMw4sX0RmMStdGEihnshzjBJrza1M6OIMPh66zyZ1KaSDSWyuoWG2aLBlORjtntw2UhB+90HQIunsNHLh21s= root@ubuntu-xenial
ssh-ed25519 AAAAC3NzaC1lZDI1NTE5AAAAIF/F43IT2Co/rHuGdDsSv3cmsSu3m91U5nwBGo4WrUPw root@ubuntu-xenial
ssh-rsa AAAAB3NzaC1yc2EAAAADAQABAAABAQDvB2Ej5WiXUSJ6b/z7g0lGLdQyxwQDsn5dxnSesNkRH4p6m+xsIt7zWJvCXWFLkw28K1Ui5A5Dv5b3GdcN405ImmsJLlF8YAP+U0J66p3De+SsARK1cxSs2HoSP+Qp5s0NSNv01+/jKrnPlNejByjO3SVDmQ/vXh8gkS4CJ/59DoFCXRQhffi9qg1VJ8lXHp6zB7oc208Ft8TuryYyPv3Vpiv0n0168wgV7c/kHiYdqT9Id3d7MIVWFqu1jTtyWbhg4eddcwEAvtekeIMN2YRZBfY1QjNUlBDTth0aFICdJykKYedb2B1n8xWOZswRbRRkBezTwsbWC3lsCjLFbzw5 root@ubuntu-xenial
-----END SSH HOST KEY KEYS-----
[   60.343473] cloud-init[1546]: Cloud-init v. 19.3-41-gc4735dd3-0ubuntu1~16.04.1 running 'modules:final' at Tue, 31 Dec 2019 09:05:03 +0000. Up 59.45 seconds.
[   60.343654] cloud-init[1546]: ci-info: no authorized ssh keys fingerprints found for user ubuntu.
[   60.343839] cloud-init[1546]: Cloud-init v. 19.3-41-gc4735dd3-0ubuntu1~16.04.1 finished at Tue, 31 Dec 2019 09:05:04 +0000. Datasource DataSourceNoCloud [seed=/dev/sdb][dsmode=net].  Up 60.27 seconds
